#
# A fatal error has been detected by the Java Runtime Environment:
#
#  EXCEPTION_UNCAUGHT_CXX_EXCEPTION (0xe06d7363) at pc=0x00007ffb27627788, pid=21800, tid=17720
#
# JRE version: Java(TM) SE Runtime Environment (8.0_51-b16) (build 1.8.0_51-b16)
# Java VM: Java HotSpot(TM) 64-Bit Server VM (25.51-b03 mixed mode windows-amd64 compressed oops)
# Problematic frame:
# C  [KERNELBASE.dll+0x17788]
#
# Failed to write core dump. Minidumps are not enabled by default on client versions of Windows
#
# If you would like to submit a bug report, please visit:
#   http://bugreport.java.com/bugreport/crash.jsp
# The crash happened outside the Java Virtual Machine in native code.
# See problematic frame for where to report the bug.
#

---------------  T H R E A D  ---------------

Current thread (0x000000001d6fa800):  JavaThread "http-nio-8080-exec-1" daemon [_thread_in_native, id=17720, stack(0x000000001f780000,0x000000001f880000)]

siginfo: ExceptionCode=0xe06d7363, ExceptionInformation=0x0000000019930520 0x000000001f87c480 0x00007ffb096cd220 0x00007ffb09600000 

Registers:
RAX=0x0000000020680000, RBX=0x00007ffb096cd220, RCX=0x00000000005cdb74, RDX=0x00000000000003ff
RSP=0x000000001f87c310, RBP=0x000000001f87c450, RSI=0x0001ba5e0001b100, RDI=0x000000001f87c480
R8 =0x0000000000000000, R9 =0x0000000000617df0, R10=0x0000000000001705, R11=0x00000000005cdb34
R12=0x00007ffaf54fc6f8, R13=0x0000000000000000, R14=0x000000001f87c8b8, R15=0x0000000020ce6e20
RIP=0x00007ffb27627788, EFLAGS=0x0000000000000202

Top of Stack: (sp=0x000000001f87c310)
0x000000001f87c310:   000000001f87c3a8 00007ffb096cd220
0x000000001f87c320:   0001ba5e0001b100 000000001f87c480
0x000000001f87c330:   00000001e06d7363 0000000000000000
0x000000001f87c340:   00007ffb27627788 0000000000000004
0x000000001f87c350:   0000000019930520 000000001f87c480
0x000000001f87c360:   00007ffb096cd220 00007ffb09600000
0x000000001f87c370:   0000000000000000 00007ffaf54fc6f8
0x000000001f87c380:   000000001f87c480 0001ba5e0001b100
0x000000001f87c390:   000000001f87c450 00007ffb2a57b02f
0x000000001f87c3a0:   000000001f87c460 00007ffb00000000
0x000000001f87c3b0:   000008ed02d2da7a 00007ffb06a3dfab
0x000000001f87c3c0:   00007ffb096e4000 00007ffb09600000
0x000000001f87c3d0:   00001974d826c478 00007ffb09666967
0x000000001f87c3e0:   00007ffb096cd220 00007ffb0965ef63
0x000000001f87c3f0:   0001ba5e0001b100 00007ffb096270f9
0x000000001f87c400:   0001ba5e0001b100 00007ffaf54fc6f8 

Instructions: (pc=0x00007ffb27627788)
0x00007ffb27627768:   49 8b d1 44 0f 47 c0 44 89 44 24 38 49 c1 e0 03
0x00007ffb27627778:   e8 57 54 06 00 48 8d 4c 24 20 ff 15 a0 08 13 00
0x00007ffb27627788:   48 8b 8c 24 c0 00 00 00 48 33 cc e8 e8 19 06 00
0x00007ffb27627798:   48 81 c4 d8 00 00 00 c3 83 64 24 38 00 eb d6 cc 


Register to memory mapping:

RAX=0x0000000020680000 is an unknown value
RBX=0x00007ffb096cd220 is an unknown value
RCX=0x00000000005cdb74 is an unknown value
RDX=0x00000000000003ff is an unknown value
RSP=0x000000001f87c310 is pointing into the stack for thread: 0x000000001d6fa800
RBP=0x000000001f87c450 is pointing into the stack for thread: 0x000000001d6fa800
RSI=0x0001ba5e0001b100 is an unknown value
RDI=0x000000001f87c480 is pointing into the stack for thread: 0x000000001d6fa800
R8 =0x0000000000000000 is an unknown value
R9 =0x0000000000617df0 is an unknown value
R10=0x0000000000001705 is an unknown value
R11=0x00000000005cdb34 is an unknown value
R12=0x00007ffaf54fc6f8 is an unknown value
R13=0x0000000000000000 is an unknown value
R14=0x000000001f87c8b8 is pointing into the stack for thread: 0x000000001d6fa800
R15=0x0000000020ce6e20 is an unknown value


Stack: [0x000000001f780000,0x000000001f880000],  sp=0x000000001f87c310,  free space=1008k
Native frames: (J=compiled Java code, j=interpreted, Vv=VM code, C=native code)
C  [KERNELBASE.dll+0x17788]
C  [MSVCR120.dll+0x5ef63]
C  [MSVCR120.dll+0x669b0]
C  [kernelCpp.dll+0x6853]
C  [kernelCpp.dll+0x32fb]
C  0x0000000002a15e34

Java frames: (J=compiled Java code, j=interpreted, Vv=VM code)
j  com.bi.kernelImpl.main(Ljava/lang/String;)Ljava/lang/String;+0
j  com.bi.Controller.getProduct.getProduct(Ljava/lang/String;)Ljava/util/ArrayList;+1
v  ~StubRoutines::call_stub
J 1928  sun.reflect.NativeMethodAccessorImpl.invoke0(Ljava/lang/reflect/Method;Ljava/lang/Object;[Ljava/lang/Object;)Ljava/lang/Object; (0 bytes) @ 0x0000000002e5a6bf [0x0000000002e5a640+0x7f]
J 1029 C1 sun.reflect.NativeMethodAccessorImpl.invoke(Ljava/lang/Object;[Ljava/lang/Object;)Ljava/lang/Object; (104 bytes) @ 0x0000000002ca4c54 [0x0000000002ca48a0+0x3b4]
J 1023 C1 sun.reflect.DelegatingMethodAccessorImpl.invoke(Ljava/lang/Object;[Ljava/lang/Object;)Ljava/lang/Object; (10 bytes) @ 0x0000000002ca0964 [0x0000000002ca0920+0x44]
J 1008 C1 java.lang.reflect.Method.invoke(Ljava/lang/Object;[Ljava/lang/Object;)Ljava/lang/Object; (62 bytes) @ 0x0000000002c9b74c [0x0000000002c9b660+0xec]
j  org.springframework.web.method.support.InvocableHandlerMethod.doInvoke([Ljava/lang/Object;)Ljava/lang/Object;+16
j  org.springframework.web.method.support.InvocableHandlerMethod.invokeForRequest(Lorg/springframework/web/context/request/NativeWebRequest;Lorg/springframework/web/method/support/ModelAndViewContainer;[Ljava/lang/Object;)Ljava/lang/Object;+75
j  org.springframework.web.servlet.mvc.method.annotation.ServletInvocableHandlerMethod.invokeAndHandle(Lorg/springframework/web/context/request/ServletWebRequest;Lorg/springframework/web/method/support/ModelAndViewContainer;[Ljava/lang/Object;)V+4
j  org.springframework.web.servlet.mvc.method.annotation.RequestMappingHandlerAdapter.invokeHandlerMethod(Ljavax/servlet/http/HttpServletRequest;Ljavax/servlet/http/HttpServletResponse;Lorg/springframework/web/method/HandlerMethod;)Lorg/springframework/web/servlet/ModelAndView;+262
j  org.springframework.web.servlet.mvc.method.annotation.RequestMappingHandlerAdapter.handleInternal(Ljavax/servlet/http/HttpServletRequest;Ljavax/servlet/http/HttpServletResponse;Lorg/springframework/web/method/HandlerMethod;)Lorg/springframework/web/servlet/ModelAndView;+81
j  org.springframework.web.servlet.mvc.method.AbstractHandlerMethodAdapter.handle(Ljavax/servlet/http/HttpServletRequest;Ljavax/servlet/http/HttpServletResponse;Ljava/lang/Object;)Lorg/springframework/web/servlet/ModelAndView;+7
j  org.springframework.web.servlet.DispatcherServlet.doDispatch(Ljavax/servlet/http/HttpServletRequest;Ljavax/servlet/http/HttpServletResponse;)V+318
j  org.springframework.web.servlet.DispatcherServlet.doService(Ljavax/servlet/http/HttpServletRequest;Ljavax/servlet/http/HttpServletResponse;)V+301
j  org.springframework.web.servlet.FrameworkServlet.processRequest(Ljavax/servlet/http/HttpServletRequest;Ljavax/servlet/http/HttpServletResponse;)V+71
j  org.springframework.web.servlet.FrameworkServlet.doPost(Ljavax/servlet/http/HttpServletRequest;Ljavax/servlet/http/HttpServletResponse;)V+3
j  javax.servlet.http.HttpServlet.service(Ljavax/servlet/http/HttpServletRequest;Ljavax/servlet/http/HttpServletResponse;)V+149
j  org.springframework.web.servlet.FrameworkServlet.service(Ljavax/servlet/http/HttpServletRequest;Ljavax/servlet/http/HttpServletResponse;)V+33
j  javax.servlet.http.HttpServlet.service(Ljavax/servlet/ServletRequest;Ljavax/servlet/ServletResponse;)V+30
j  org.apache.catalina.core.ApplicationFilterChain.internalDoFilter(Ljavax/servlet/ServletRequest;Ljavax/servlet/ServletResponse;)V+304
j  org.apache.catalina.core.ApplicationFilterChain.doFilter(Ljavax/servlet/ServletRequest;Ljavax/servlet/ServletResponse;)V+101
j  org.apache.tomcat.websocket.server.WsFilter.doFilter(Ljavax/servlet/ServletRequest;Ljavax/servlet/ServletResponse;Ljavax/servlet/FilterChain;)V+21
j  org.apache.catalina.core.ApplicationFilterChain.internalDoFilter(Ljavax/servlet/ServletRequest;Ljavax/servlet/ServletResponse;)V+135
j  org.apache.catalina.core.ApplicationFilterChain.doFilter(Ljavax/servlet/ServletRequest;Ljavax/servlet/ServletResponse;)V+101
j  org.springframework.web.filter.RequestContextFilter.doFilterInternal(Ljavax/servlet/http/HttpServletRequest;Ljavax/servlet/http/HttpServletResponse;Ljavax/servlet/FilterChain;)V+21
j  org.springframework.web.filter.OncePerRequestFilter.doFilter(Ljavax/servlet/ServletRequest;Ljavax/servlet/ServletResponse;Ljavax/servlet/FilterChain;)V+111
j  org.apache.catalina.core.ApplicationFilterChain.internalDoFilter(Ljavax/servlet/ServletRequest;Ljavax/servlet/ServletResponse;)V+135
j  org.apache.catalina.core.ApplicationFilterChain.doFilter(Ljavax/servlet/ServletRequest;Ljavax/servlet/ServletResponse;)V+101
j  org.springframework.web.filter.HttpPutFormContentFilter.doFilterInternal(Ljavax/servlet/http/HttpServletRequest;Ljavax/servlet/http/HttpServletResponse;Ljavax/servlet/FilterChain;)V+87
j  org.springframework.web.filter.OncePerRequestFilter.doFilter(Ljavax/servlet/ServletRequest;Ljavax/servlet/ServletResponse;Ljavax/servlet/FilterChain;)V+111
j  org.apache.catalina.core.ApplicationFilterChain.internalDoFilter(Ljavax/servlet/ServletRequest;Ljavax/servlet/ServletResponse;)V+135
j  org.apache.catalina.core.ApplicationFilterChain.doFilter(Ljavax/servlet/ServletRequest;Ljavax/servlet/ServletResponse;)V+101
j  org.springframework.web.filter.HiddenHttpMethodFilter.doFilterInternal(Ljavax/servlet/http/HttpServletRequest;Ljavax/servlet/http/HttpServletResponse;Ljavax/servlet/FilterChain;)V+64
j  org.springframework.web.filter.OncePerRequestFilter.doFilter(Ljavax/servlet/ServletRequest;Ljavax/servlet/ServletResponse;Ljavax/servlet/FilterChain;)V+111
j  org.apache.catalina.core.ApplicationFilterChain.internalDoFilter(Ljavax/servlet/ServletRequest;Ljavax/servlet/ServletResponse;)V+135
j  org.apache.catalina.core.ApplicationFilterChain.doFilter(Ljavax/servlet/ServletRequest;Ljavax/servlet/ServletResponse;)V+101
j  org.springframework.web.filter.CharacterEncodingFilter.doFilterInternal(Ljavax/servlet/http/HttpServletRequest;Ljavax/servlet/http/HttpServletResponse;Ljavax/servlet/FilterChain;)V+53
j  org.springframework.web.filter.OncePerRequestFilter.doFilter(Ljavax/servlet/ServletRequest;Ljavax/servlet/ServletResponse;Ljavax/servlet/FilterChain;)V+111
j  org.apache.catalina.core.ApplicationFilterChain.internalDoFilter(Ljavax/servlet/ServletRequest;Ljavax/servlet/ServletResponse;)V+135
j  org.apache.catalina.core.ApplicationFilterChain.doFilter(Ljavax/servlet/ServletRequest;Ljavax/servlet/ServletResponse;)V+101
j  org.apache.catalina.core.StandardWrapperValve.invoke(Lorg/apache/catalina/connector/Request;Lorg/apache/catalina/connector/Response;)V+688
j  org.apache.catalina.core.StandardContextValve.invoke(Lorg/apache/catalina/connector/Request;Lorg/apache/catalina/connector/Response;)V+166
j  org.apache.catalina.authenticator.AuthenticatorBase.invoke(Lorg/apache/catalina/connector/Request;Lorg/apache/catalina/connector/Response;)V+275
j  org.apache.catalina.core.StandardHostValve.invoke(Lorg/apache/catalina/connector/Request;Lorg/apache/catalina/connector/Response;)V+135
j  org.apache.catalina.valves.ErrorReportValve.invoke(Lorg/apache/catalina/connector/Request;Lorg/apache/catalina/connector/Response;)V+6
j  org.apache.catalina.core.StandardEngineValve.invoke(Lorg/apache/catalina/connector/Request;Lorg/apache/catalina/connector/Response;)V+71
j  org.apache.catalina.connector.CoyoteAdapter.service(Lorg/apache/coyote/Request;Lorg/apache/coyote/Response;)V+199
j  org.apache.coyote.http11.Http11Processor.service(Lorg/apache/tomcat/util/net/SocketWrapperBase;)Lorg/apache/tomcat/util/net/AbstractEndpoint$Handler$SocketState;+790
j  org.apache.coyote.AbstractProcessorLight.process(Lorg/apache/tomcat/util/net/SocketWrapperBase;Lorg/apache/tomcat/util/net/SocketEvent;)Lorg/apache/tomcat/util/net/AbstractEndpoint$Handler$SocketState;+106
j  org.apache.coyote.AbstractProtocol$ConnectionHandler.process(Lorg/apache/tomcat/util/net/SocketWrapperBase;Lorg/apache/tomcat/util/net/SocketEvent;)Lorg/apache/tomcat/util/net/AbstractEndpoint$Handler$SocketState;+378
j  org.apache.tomcat.util.net.NioEndpoint$SocketProcessor.doRun()V+191
j  org.apache.tomcat.util.net.SocketProcessorBase.run()V+21
j  java.util.concurrent.ThreadPoolExecutor.runWorker(Ljava/util/concurrent/ThreadPoolExecutor$Worker;)V+95
j  java.util.concurrent.ThreadPoolExecutor$Worker.run()V+5
j  org.apache.tomcat.util.threads.TaskThread$WrappingRunnable.run()V+4
j  java.lang.Thread.run()V+11
v  ~StubRoutines::call_stub

---------------  P R O C E S S  ---------------

Java Threads: ( => current thread )
=>0x000000001d6fa800 JavaThread "http-nio-8080-exec-1" daemon [_thread_in_native, id=17720, stack(0x000000001f780000,0x000000001f880000)]
  0x000000001d700000 JavaThread "DestroyJavaVM" [_thread_blocked, id=15468, stack(0x0000000002600000,0x0000000002700000)]
  0x000000001d6fc800 JavaThread "http-nio-8080-AsyncTimeout" daemon [_thread_blocked, id=21232, stack(0x000000001f680000,0x000000001f780000)]
  0x000000001d701800 JavaThread "http-nio-8080-Acceptor-0" daemon [_thread_in_native, id=11532, stack(0x000000001f580000,0x000000001f680000)]
  0x000000001d6fe000 JavaThread "http-nio-8080-ClientPoller-1" daemon [_thread_in_native, id=20836, stack(0x000000001f480000,0x000000001f580000)]
  0x000000001d700800 JavaThread "http-nio-8080-ClientPoller-0" daemon [_thread_in_native, id=20176, stack(0x000000001f380000,0x000000001f480000)]
  0x000000001d6f8800 JavaThread "NioBlockingSelector.BlockPoller-1" daemon [_thread_in_native, id=21680, stack(0x000000001f280000,0x000000001f380000)]
  0x000000001d6e8000 JavaThread "Live Reload Server" daemon [_thread_in_native, id=14800, stack(0x000000001ef80000,0x000000001f080000)]
  0x000000001d6e3800 JavaThread "File Watcher" daemon [_thread_blocked, id=17872, stack(0x000000001ed80000,0x000000001ee80000)]
  0x000000001ba66000 JavaThread "container-0" [_thread_blocked, id=20520, stack(0x000000001ea80000,0x000000001eb80000)]
  0x000000001ba98800 JavaThread "ContainerBackgroundProcessor[StandardEngine[Tomcat]]" daemon [_thread_blocked, id=19588, stack(0x000000001e980000,0x000000001ea80000)]
  0x000000001b2da000 JavaThread "Service Thread" daemon [_thread_blocked, id=8888, stack(0x000000001b820000,0x000000001b920000)]
  0x000000001b260800 JavaThread "C1 CompilerThread2" daemon [_thread_blocked, id=21280, stack(0x000000001b720000,0x000000001b820000)]
  0x000000001b19a000 JavaThread "C2 CompilerThread1" daemon [_thread_blocked, id=11000, stack(0x000000001b620000,0x000000001b720000)]
  0x000000001b199800 JavaThread "C2 CompilerThread0" daemon [_thread_blocked, id=15472, stack(0x000000001b520000,0x000000001b620000)]
  0x000000001b198800 JavaThread "Monitor Ctrl-Break" daemon [_thread_in_native, id=9824, stack(0x000000001b420000,0x000000001b520000)]
  0x000000001af20800 JavaThread "Attach Listener" daemon [_thread_blocked, id=17620, stack(0x000000001b320000,0x000000001b420000)]
  0x0000000019b1d800 JavaThread "Signal Dispatcher" daemon [_thread_blocked, id=560, stack(0x000000001ae20000,0x000000001af20000)]
  0x00000000029f5000 JavaThread "Finalizer" daemon [_thread_blocked, id=10928, stack(0x000000001ad20000,0x000000001ae20000)]
  0x00000000029f2000 JavaThread "Reference Handler" daemon [_thread_blocked, id=3764, stack(0x000000001ac20000,0x000000001ad20000)]

Other Threads:
  0x0000000019a88000 VMThread [stack: 0x000000001ab20000,0x000000001ac20000] [id=16740]
  0x000000001b2ef000 WatcherThread [stack: 0x000000001b920000,0x000000001ba20000] [id=17940]

VM state:not at safepoint (normal execution)

VM Mutex/Monitor currently owned by a thread: None

Heap:
 PSYoungGen      total 210944K, used 71657K [0x0000000780700000, 0x0000000795600000, 0x00000007c0000000)
  eden space 196608K, 29% used [0x0000000780700000,0x0000000784015430,0x000000078c700000)
  from space 14336K, 92% used [0x000000078c700000,0x000000078d3e5128,0x000000078d500000)
  to   space 15360K, 0% used [0x0000000794700000,0x0000000794700000,0x0000000795600000)
 ParOldGen       total 84992K, used 12580K [0x0000000701400000, 0x0000000706700000, 0x0000000780700000)
  object space 84992K, 14% used [0x0000000701400000,0x0000000702049208,0x0000000706700000)
 Metaspace       used 29012K, capacity 29470K, committed 29872K, reserved 1075200K
  class space    used 3839K, capacity 3974K, committed 4016K, reserved 1048576K

Card table byte_map: [0x0000000011dc0000,0x00000000123c0000] byte_map_base: 0x000000000e5b6000

Marking Bits: (ParMarkBitMap*) 0x0000000061894040
 Begin Bits: [0x0000000012bc0000, 0x0000000015b70000)
 End Bits:   [0x0000000015b70000, 0x0000000018b20000)

Polling page: 0x0000000000520000

CodeCache: size=245760Kb used=6940Kb max_used=6987Kb free=238819Kb
 bounds [0x0000000002a00000, 0x00000000030e0000, 0x0000000011a00000]
 total_blobs=3690 nmethods=3273 adapters=329
 compilation: enabled

Compilation events (10 events):
Event: 12.203 Thread 0x000000001b260800 3338       1       java.io.File::compareTo (9 bytes)
Event: 12.203 Thread 0x000000001b260800 nmethod 3338 0x0000000002e7b990 code [0x0000000002e7bb00, 0x0000000002e7bc68]
Event: 12.203 Thread 0x000000001b260800 3339       1       java.io.WinNTFileSystem::compare (12 bytes)
Event: 12.203 Thread 0x000000001b260800 nmethod 3339 0x0000000002e7b590 code [0x0000000002e7b700, 0x0000000002e7b868]
Event: 13.246 Thread 0x000000001b260800 3340       1       java.io.File::equals (30 bytes)
Event: 13.246 Thread 0x000000001b260800 nmethod 3340 0x0000000002e7b090 code [0x0000000002e7b200, 0x0000000002e7b408]
Event: 13.850 Thread 0x000000001b260800 3341       1       java.io.File::<init> (80 bytes)
Event: 13.851 Thread 0x000000001b260800 nmethod 3341 0x0000000002e7acd0 code [0x0000000002e7ae40, 0x0000000002e7afe8]
Event: 14.271 Thread 0x000000001b260800 3342       1       org.springframework.boot.devtools.filewatch.FileSnapshot::equals (104 bytes)
Event: 14.272 Thread 0x000000001b260800 nmethod 3342 0x0000000002e7a610 code [0x0000000002e7a780, 0x0000000002e7aac8]

GC Heap History (10 events):
Event: 3.657 GC heap before
{Heap before GC invocations=4 (full 0):
 PSYoungGen      total 57344K, used 57335K [0x0000000780700000, 0x0000000787700000, 0x00000007c0000000)
  eden space 49152K, 100% used [0x0000000780700000,0x0000000783700000,0x0000000783700000)
  from space 8192K, 99% used [0x0000000783700000,0x0000000783efde00,0x0000000783f00000)
  to   space 8192K, 0% used [0x0000000786f00000,0x0000000786f00000,0x0000000787700000)
 ParOldGen       total 131072K, used 3713K [0x0000000701400000, 0x0000000709400000, 0x0000000780700000)
  object space 131072K, 2% used [0x0000000701400000,0x00000007017a05e0,0x0000000709400000)
 Metaspace       used 16911K, capacity 17244K, committed 17408K, reserved 1064960K
  class space    used 2197K, capacity 2285K, committed 2304K, reserved 1048576K
Event: 3.666 GC heap after
Heap after GC invocations=4 (full 0):
 PSYoungGen      total 106496K, used 8170K [0x0000000780700000, 0x0000000787700000, 0x00000007c0000000)
  eden space 98304K, 0% used [0x0000000780700000,0x0000000780700000,0x0000000786700000)
  from space 8192K, 99% used [0x0000000786f00000,0x00000007876faa60,0x0000000787700000)
  to   space 8192K, 0% used [0x0000000786700000,0x0000000786700000,0x0000000786f00000)
 ParOldGen       total 131072K, used 4976K [0x0000000701400000, 0x0000000709400000, 0x0000000780700000)
  object space 131072K, 3% used [0x0000000701400000,0x00000007018dc100,0x0000000709400000)
 Metaspace       used 16911K, capacity 17244K, committed 17408K, reserved 1064960K
  class space    used 2197K, capacity 2285K, committed 2304K, reserved 1048576K
}
Event: 4.724 GC heap before
{Heap before GC invocations=5 (full 0):
 PSYoungGen      total 106496K, used 106474K [0x0000000780700000, 0x0000000787700000, 0x00000007c0000000)
  eden space 98304K, 100% used [0x0000000780700000,0x0000000786700000,0x0000000786700000)
  from space 8192K, 99% used [0x0000000786f00000,0x00000007876faa60,0x0000000787700000)
  to   space 8192K, 0% used [0x0000000786700000,0x0000000786700000,0x0000000786f00000)
 ParOldGen       total 131072K, used 4976K [0x0000000701400000, 0x0000000709400000, 0x0000000780700000)
  object space 131072K, 3% used [0x0000000701400000,0x00000007018dc100,0x0000000709400000)
 Metaspace       used 20030K, capacity 20392K, committed 20736K, reserved 1067008K
  class space    used 2658K, capacity 2746K, committed 2816K, reserved 1048576K
Event: 4.739 GC heap after
Heap after GC invocations=5 (full 0):
 PSYoungGen      total 106496K, used 8179K [0x0000000780700000, 0x000000078e400000, 0x00000007c0000000)
  eden space 98304K, 0% used [0x0000000780700000,0x0000000780700000,0x0000000786700000)
  from space 8192K, 99% used [0x0000000786700000,0x0000000786efcc70,0x0000000786f00000)
  to   space 14848K, 0% used [0x000000078d580000,0x000000078d580000,0x000000078e400000)
 ParOldGen       total 131072K, used 10210K [0x0000000701400000, 0x0000000709400000, 0x0000000780700000)
  object space 131072K, 7% used [0x0000000701400000,0x0000000701df8930,0x0000000709400000)
 Metaspace       used 20030K, capacity 20392K, committed 20736K, reserved 1067008K
  class space    used 2658K, capacity 2746K, committed 2816K, reserved 1048576K
}
Event: 4.991 GC heap before
{Heap before GC invocations=6 (full 0):
 PSYoungGen      total 106496K, used 33186K [0x0000000780700000, 0x000000078e400000, 0x00000007c0000000)
  eden space 98304K, 25% used [0x0000000780700000,0x0000000781f6be78,0x0000000786700000)
  from space 8192K, 99% used [0x0000000786700000,0x0000000786efcc70,0x0000000786f00000)
  to   space 14848K, 0% used [0x000000078d580000,0x000000078d580000,0x000000078e400000)
 ParOldGen       total 131072K, used 10210K [0x0000000701400000, 0x0000000709400000, 0x0000000780700000)
  object space 131072K, 7% used [0x0000000701400000,0x0000000701df8930,0x0000000709400000)
 Metaspace       used 20875K, capacity 21192K, committed 21296K, reserved 1067008K
  class space    used 2770K, capacity 2842K, committed 2864K, reserved 1048576K
Event: 5.004 GC heap after
Heap after GC invocations=6 (full 0):
 PSYoungGen      total 210432K, used 9602K [0x0000000780700000, 0x000000078e300000, 0x00000007c0000000)
  eden space 196608K, 0% used [0x0000000780700000,0x0000000780700000,0x000000078c700000)
  from space 13824K, 69% used [0x000000078d580000,0x000000078dee0bc8,0x000000078e300000)
  to   space 14336K, 0% used [0x000000078c700000,0x000000078c700000,0x000000078d500000)
 ParOldGen       total 131072K, used 10218K [0x0000000701400000, 0x0000000709400000, 0x0000000780700000)
  object space 131072K, 7% used [0x0000000701400000,0x0000000701dfa930,0x0000000709400000)
 Metaspace       used 20875K, capacity 21192K, committed 21296K, reserved 1067008K
  class space    used 2770K, capacity 2842K, committed 2864K, reserved 1048576K
}
Event: 5.004 GC heap before
{Heap before GC invocations=7 (full 1):
 PSYoungGen      total 210432K, used 9602K [0x0000000780700000, 0x000000078e300000, 0x00000007c0000000)
  eden space 196608K, 0% used [0x0000000780700000,0x0000000780700000,0x000000078c700000)
  from space 13824K, 69% used [0x000000078d580000,0x000000078dee0bc8,0x000000078e300000)
  to   space 14336K, 0% used [0x000000078c700000,0x000000078c700000,0x000000078d500000)
 ParOldGen       total 131072K, used 10218K [0x0000000701400000, 0x0000000709400000, 0x0000000780700000)
  object space 131072K, 7% used [0x0000000701400000,0x0000000701dfa930,0x0000000709400000)
 Metaspace       used 20875K, capacity 21192K, committed 21296K, reserved 1067008K
  class space    used 2770K, capacity 2842K, committed 2864K, reserved 1048576K
Event: 5.068 GC heap after
Heap after GC invocations=7 (full 1):
 PSYoungGen      total 210432K, used 0K [0x0000000780700000, 0x000000078e300000, 0x00000007c0000000)
  eden space 196608K, 0% used [0x0000000780700000,0x0000000780700000,0x000000078c700000)
  from space 13824K, 0% used [0x000000078d580000,0x000000078d580000,0x000000078e300000)
  to   space 14336K, 0% used [0x000000078c700000,0x000000078c700000,0x000000078d500000)
 ParOldGen       total 84992K, used 12572K [0x0000000701400000, 0x0000000706700000, 0x0000000780700000)
  object space 84992K, 14% used [0x0000000701400000,0x0000000702047208,0x0000000706700000)
 Metaspace       used 20871K, capacity 21186K, committed 21296K, reserved 1067008K
  class space    used 2769K, capacity 2841K, committed 2864K, reserved 1048576K
}
Event: 7.989 GC heap before
{Heap before GC invocations=8 (full 1):
 PSYoungGen      total 210432K, used 196608K [0x0000000780700000, 0x000000078e300000, 0x00000007c0000000)
  eden space 196608K, 100% used [0x0000000780700000,0x000000078c700000,0x000000078c700000)
  from space 13824K, 0% used [0x000000078d580000,0x000000078d580000,0x000000078e300000)
  to   space 14336K, 0% used [0x000000078c700000,0x000000078c700000,0x000000078d500000)
 ParOldGen       total 84992K, used 12572K [0x0000000701400000, 0x0000000706700000, 0x0000000780700000)
  object space 84992K, 14% used [0x0000000701400000,0x0000000702047208,0x0000000706700000)
 Metaspace       used 27218K, capacity 27674K, committed 28080K, reserved 1073152K
  class space    used 3586K, capacity 3716K, committed 3760K, reserved 1048576K
Event: 8.004 GC heap after
Heap after GC invocations=8 (full 1):
 PSYoungGen      total 210944K, used 13204K [0x0000000780700000, 0x0000000795600000, 0x00000007c0000000)
  eden space 196608K, 0% used [0x0000000780700000,0x0000000780700000,0x000000078c700000)
  from space 14336K, 92% used [0x000000078c700000,0x000000078d3e5128,0x000000078d500000)
  to   space 15360K, 0% used [0x0000000794700000,0x0000000794700000,0x0000000795600000)
 ParOldGen       total 84992K, used 12580K [0x0000000701400000, 0x0000000706700000, 0x0000000780700000)
  object space 84992K, 14% used [0x0000000701400000,0x0000000702049208,0x0000000706700000)
 Metaspace       used 27218K, capacity 27674K, committed 28080K, reserved 1073152K
  class space    used 3586K, capacity 3716K, committed 3760K, reserved 1048576K
}

Deoptimization events (0 events):
No events

Internal exceptions (10 events):
Event: 11.767 Thread 0x000000001d6fa800 Exception <a 'java/lang/ClassNotFoundException': org/springframework/web/servlet/theme/AbstractThemeResolverCustomizer> (0x000000078398bf28) thrown at [C:\re\workspace\8-2-build-windows-amd64-cygwin\jdk8u51\3951\hotspot\src\share\vm\classfile\systemDiction∂xÁù[ä'@
Event: 11.770 Thread 0x000000001d6fa800 Exception <a 'java/lang/ClassNotFoundException': org/springframework/web/servlet/theme/FixedThemeResolverCustomizer> (0x00000007839ac038) thrown at [C:\re\workspace\8-2-build-windows-amd64-cygwin\jdk8u51\3951\hotspot\src\share\vm\classfile\systemDictionary
Event: 11.772 Thread 0x000000001d6fa800 Exception <a 'java/lang/ClassNotFoundException': org/springframework/web/servlet/ThemeResolverCustomizer> (0x00000007839c96f0) thrown at [C:\re\workspace\8-2-build-windows-amd64-cygwin\jdk8u51\3951\hotspot\src\share\vm\classfile\systemDictionary.cpp, line #Je‡ﬁå'@
Event: 11.775 Thread 0x000000001d6fa800 Exception <a 'java/lang/ClassNotFoundException': java/lang/ObjectCustomizer> (0x00000007839f1ed8) thrown at [C:\re\workspace\8-2-build-windows-amd64-cygwin\jdk8u51\3951\hotspot\src\share\vm\classfile\systemDictionary.cpp, line 210]
Event: 11.777 Thread 0x000000001d6fa800 Exception <a 'java/lang/ClassNotFoundException': org/springframework/web/servlet/view/DefaultRequestToViewNameTranslatorCustomizer> (0x0000000783a15dd8) thrown at [C:\re\workspace\8-2-build-windows-amd64-cygwin\jdk8u51\3951\hotspot\src\share\vm\classfile\s˜G´ïjè'@
Event: 11.780 Thread 0x000000001d6fa800 Exception <a 'java/lang/ClassNotFoundException': org/springframework/web/servlet/RequestToViewNameTranslatorCustomizer> (0x0000000783a451a8) thrown at [C:\re\workspace\8-2-build-windows-amd64-cygwin\jdk8u51\3951\hotspot\src\share\vm\classfile\systemDiction?ã?î'@
Event: 11.790 Thread 0x000000001d6fa800 Exception <a 'java/lang/ClassNotFoundException': java/lang/ObjectCustomizer> (0x0000000783a85b58) thrown at [C:\re\workspace\8-2-build-windows-amd64-cygwin\jdk8u51\3951\hotspot\src\share\vm\classfile\systemDictionary.cpp, line 210]
Event: 11.792 Thread 0x000000001d6fa800 Exception <a 'java/lang/ClassNotFoundException': org/springframework/web/servlet/support/AbstractFlashMapManagerCustomizer> (0x0000000783aa7b20) thrown at [C:\re\workspace\8-2-build-windows-amd64-cygwin\jdk8u51\3951\hotspot\src\share\vm\classfile\systemDic"@Mﬁñ'@
Event: 11.795 Thread 0x000000001d6fa800 Exception <a 'java/lang/ClassNotFoundException': org/springframework/web/servlet/support/SessionFlashMapManagerCustomizer> (0x0000000783acd930) thrown at [C:\re\workspace\8-2-build-windows-amd64-cygwin\jdk8u51\3951\hotspot\src\share\vm\classfile\systemDictõÈJ◊Wò'@
Event: 11.798 Thread 0x000000001d6fa800 Exception <a 'java/lang/ClassNotFoundException': org/springframework/web/servlet/FlashMapManagerCustomizer> (0x0000000783aeaeb0) thrown at [C:\re\workspace\8-2-build-windows-amd64-cygwin\jdk8u51\3951\hotspot\src\share\vm\classfile\systemDictionary.cpp, linB?«x“à'@

Events (10 events):
Event: 11.860 loading class org/springframework/web/bind/WebDataBinder
Event: 11.860 loading class org/springframework/web/bind/WebDataBinder done
Event: 11.862 loading class java/lang/ClassLoaderHelper
Event: 11.862 loading class java/lang/ClassLoaderHelper done
Event: 16.222 Executing VM operation: RevokeBias
Event: 16.222 Executing VM operation: RevokeBias done
Event: 16.222 Thread 0x000000001c07f000 Thread exited: 0x000000001c07f000
Event: 16.223 Executing VM operation: RevokeBias
Event: 16.223 Executing VM operation: RevokeBias done
Event: 16.223 Thread 0x000000001c216800 Thread exited: 0x000000001c216800


Dynamic libraries:
0x00007ff62ff80000 - 0x00007ff62ffb7000 	D:\java\bin\java.exe
0x00007ffb2a530000 - 0x00007ffb2a701000 	C:\WINDOWS\SYSTEM32\ntdll.dll
0x00007ffb27c90000 - 0x00007ffb27d3b000 	C:\WINDOWS\System32\KERNEL32.DLL
0x00007ffb27610000 - 0x00007ffb2782d000 	C:\WINDOWS\System32\KERNELBASE.dll
0x00007ffb29bf0000 - 0x00007ffb29c92000 	C:\WINDOWS\System32\ADVAPI32.dll
0x00007ffb27ec0000 - 0x00007ffb27f5e000 	C:\WINDOWS\System32\msvcrt.dll
0x00007ffb27aa0000 - 0x00007ffb27af9000 	C:\WINDOWS\System32\sechost.dll
0x00007ffb27b00000 - 0x00007ffb27c21000 	C:\WINDOWS\System32\RPCRT4.dll
0x00007ffb29cc0000 - 0x00007ffb29e25000 	C:\WINDOWS\System32\USER32.dll
0x00007ffb274a0000 - 0x00007ffb274be000 	C:\WINDOWS\System32\win32u.dll
0x00007ffb27da0000 - 0x00007ffb27dd4000 	C:\WINDOWS\System32\GDI32.dll
0x00007ffb27140000 - 0x00007ffb272c2000 	C:\WINDOWS\System32\gdi32full.dll
0x00007ffb217c0000 - 0x00007ffb21a39000 	C:\WINDOWS\WinSxS\amd64_microsoft.windows.common-controls_6595b64144ccf1df_6.0.14393.447_none_42191651c6827bb3\COMCTL32.dll
0x00007ffb29e40000 - 0x00007ffb2a107000 	C:\WINDOWS\System32\combase.dll
0x00007ffb27510000 - 0x00007ffb27605000 	C:\WINDOWS\System32\ucrtbase.dll
0x00007ffb27430000 - 0x00007ffb2749a000 	C:\WINDOWS\System32\bcryptPrimitives.dll
0x00007ffb27e90000 - 0x00007ffb27ebe000 	C:\WINDOWS\System32\IMM32.DLL
0x0000000061c70000 - 0x0000000061d42000 	D:\java\bin\msvcr100.dll
0x0000000061090000 - 0x0000000061913000 	D:\java\bin\server\jvm.dll
0x00007ffb2a3f0000 - 0x00007ffb2a3f8000 	C:\WINDOWS\System32\PSAPI.DLL
0x00007ffb16690000 - 0x00007ffb16699000 	C:\WINDOWS\SYSTEM32\WSOCK32.dll
0x00007ffb2a400000 - 0x00007ffb2a46a000 	C:\WINDOWS\System32\WS2_32.dll
0x00007ffb23830000 - 0x00007ffb23853000 	C:\WINDOWS\SYSTEM32\WINMM.dll
0x00007ffb22ae0000 - 0x00007ffb22aea000 	C:\WINDOWS\SYSTEM32\VERSION.dll
0x00007ffb23800000 - 0x00007ffb2382b000 	C:\WINDOWS\SYSTEM32\WINMMBASE.dll
0x00007ffb274c0000 - 0x00007ffb27502000 	C:\WINDOWS\System32\cfgmgr32.dll
0x0000000061080000 - 0x000000006108f000 	D:\java\bin\verify.dll
0x0000000061050000 - 0x0000000061079000 	D:\java\bin\java.dll
0x0000000061c40000 - 0x0000000061c63000 	D:\java\bin\instrument.dll
0x0000000061030000 - 0x0000000061046000 	D:\java\bin\zip.dll
0x00007ffb27f80000 - 0x00007ffb29489000 	C:\WINDOWS\System32\SHELL32.dll
0x00007ffb26a60000 - 0x00007ffb2713a000 	C:\WINDOWS\System32\windows.storage.dll
0x00007ffb269b0000 - 0x00007ffb269fc000 	C:\WINDOWS\System32\powrprof.dll
0x00007ffb27d40000 - 0x00007ffb27d92000 	C:\WINDOWS\System32\shlwapi.dll
0x00007ffb269a0000 - 0x00007ffb269af000 	C:\WINDOWS\System32\kernel.appcore.dll
0x00007ffb272d0000 - 0x00007ffb27379000 	C:\WINDOWS\System32\shcore.dll
0x00007ffb26980000 - 0x00007ffb26994000 	C:\WINDOWS\System32\profapi.dll
0x00007ffb150a0000 - 0x00007ffb150ba000 	D:\Intellij\IntelliJ IDEA 2017.1\bin\breakgen64.dll
0x0000000060fe0000 - 0x0000000060ffa000 	D:\java\bin\net.dll
0x00007ffb261d0000 - 0x00007ffb2622c000 	C:\WINDOWS\system32\mswsock.dll
0x0000000060fb0000 - 0x0000000060fbd000 	D:\java\bin\management.dll
0x00007ffb22df0000 - 0x00007ffb22e08000 	C:\WINDOWS\system32\NLAapi.dll
0x00007ffb16de0000 - 0x00007ffb16df6000 	C:\WINDOWS\system32\napinsp.dll
0x00007ffb16dc0000 - 0x00007ffb16dda000 	C:\WINDOWS\system32\pnrpnsp.dll
0x00007ffb25fa0000 - 0x00007ffb26040000 	C:\WINDOWS\SYSTEM32\DNSAPI.dll
0x00007ffb27e80000 - 0x00007ffb27e88000 	C:\WINDOWS\System32\NSI.dll
0x00007ffb25f60000 - 0x00007ffb25f98000 	C:\WINDOWS\SYSTEM32\IPHLPAPI.DLL
0x00007ffb16db0000 - 0x00007ffb16dbe000 	C:\WINDOWS\System32\winrnr.dll
0x0000000062420000 - 0x0000000062446000 	C:\Program Files\Bonjour\mdnsNSP.dll
0x0000000063560000 - 0x0000000063569000 	C:\Program Files\National Instruments\Shared\mDNS Responder\nimdnsNSP.dll
0x0000000063550000 - 0x000000006355e000 	C:\WINDOWS\SYSTEM32\nimdnsResponder.dll
0x0000000062370000 - 0x0000000062413000 	C:\WINDOWS\WinSxS\amd64_microsoft.vc90.crt_1fc8b3b9a1e18e3b_9.0.30729.9247_none_08e394a1a83e212f\MSVCR90.dll
0x00007ffb1a450000 - 0x00007ffb1a45a000 	C:\Windows\System32\rasadhlp.dll
0x00007ffb1ab90000 - 0x00007ffb1abfa000 	C:\WINDOWS\System32\fwpuclnt.dll
0x00007ffb26550000 - 0x00007ffb2657b000 	C:\WINDOWS\SYSTEM32\bcrypt.dll
0x0000000060fc0000 - 0x0000000060fd1000 	D:\java\bin\nio.dll
0x00007ffb26450000 - 0x00007ffb26467000 	C:\WINDOWS\SYSTEM32\CRYPTSP.dll
0x00007ffb26350000 - 0x00007ffb26383000 	C:\WINDOWS\system32\rsaenh.dll
0x00007ffb26050000 - 0x00007ffb2606f000 	C:\WINDOWS\SYSTEM32\USERENV.dll
0x00007ffb26440000 - 0x00007ffb2644b000 	C:\WINDOWS\SYSTEM32\CRYPTBASE.dll
0x00007ffb228a0000 - 0x00007ffb228b6000 	C:\WINDOWS\SYSTEM32\dhcpcsvc6.DLL
0x00007ffb1d040000 - 0x00007ffb1d05a000 	C:\WINDOWS\SYSTEM32\dhcpcsvc.DLL
0x00007ffaf54f0000 - 0x00007ffaf5e40000 	C:\Users\Administrator\Desktop\tool\projects\…ÃŒÒ÷«ƒ‹\∆⁄ƒ©œÓƒø\kernelCpp.dll
0x00007ffb09600000 - 0x00007ffb096ef000 	C:\WINDOWS\SYSTEM32\MSVCR120.dll
0x00007ffb06a00000 - 0x00007ffb06aa6000 	C:\WINDOWS\SYSTEM32\MSVCP120.dll
0x00007ffb08870000 - 0x00007ffb08a02000 	C:\WINDOWS\SYSTEM32\dbghelp.dll

VM Arguments:
jvm_args: -XX:TieredStopAtLevel=1 -Xverify:none -Dspring.output.ansi.enabled=always -javaagent:D:\Intellij\IntelliJ IDEA 2017.1\lib\idea_rt.jar=62929:D:\Intellij\IntelliJ IDEA 2017.1\bin -Dfile.encoding=UTF-8 
java_command: com.bi.BIApplication
java_class_path (initial): D:\java\jre\lib\charsets.jar;D:\java\jre\lib\deploy.jar;D:\java\jre\lib\ext\access-bridge-64.jar;D:\java\jre\lib\ext\cldrdata.jar;D:\java\jre\lib\ext\dnsns.jar;D:\java\jre\lib\ext\jaccess.jar;D:\java\jre\lib\ext\jfxrt.jar;D:\java\jre\lib\ext\localedata.jar;D:\java\jre\lib\ext\mysql-connector-java-5.1.26-bin.jar;D:\java\jre\lib\ext\nashorn.jar;D:\java\jre\lib\ext\sunec.jar;D:\java\jre\lib\ext\sunjce_provider.jar;D:\java\jre\lib\ext\sunmscapi.jar;D:\java\jre\lib\ext\sunpkcs11.jar;D:\java\jre\lib\ext\zipfs.jar;D:\java\jre\lib\javaws.jar;D:\java\jre\lib\jce.jar;D:\java\jre\lib\jfr.jar;D:\java\jre\lib\jfxswt.jar;D:\java\jre\lib\jsse.jar;D:\java\jre\lib\management-agent.jar;D:\java\jre\lib\plugin.jar;D:\java\jre\lib\resources.jar;D:\java\jre\lib\rt.jar;C:\Users\Administrator\Desktop\tool\projects\…ÃŒÒ÷«ƒ‹\∆⁄ƒ©œÓƒø\build\classes\main;C:\Users\Administrator\Desktop\tool\projects\…ÃŒÒ÷«ƒ‹\∆⁄ƒ©œÓƒø\build\resources\main;C:\Users\Administrator\.gradle\caches\modules-2\files-2.1\org.springframework.boot\spring-boot-starter-aop\1.5.1.RELEASE\c03e2abaa0dc45a64f2a71dd0e6db940ef326dd5\spring-boot-starter-aop-1.5.1.RELEASE.jar;C:\Users\Administrator\.gradle\caches\modules-2\files-2.1\org.springframework.boot\spring-boot-starter-web\1.5.1.RELEASE\8404c45cb53a05edcd0ad8fc57a5fe43462263d8\spring-boot-starter-web-1.5.1.RELEASE.jar;C:\Users\Administrator\.gradle\caches\modules-2\files-2.1\org.mybatis.spring.boot\mybatis-spring-boot-starter\1.2.0\70580e3e13969ba9ee07bbb02fceed4f400b6463\mybatis-spring-boot-starter-1.2.0.jar;C:\Users\Administrator\.gradle\caches\modules-2\files-2.1\mysql\mysql-connector-java\5.1.21\7abbd19fc2e2d5b92c0895af8520f7fa30266be9\mysql-connector-java-5.1.21.jar;C:\Users\Administrator\.gradle\caches\modules-2\files-2.1\org.springframework.boot\spring-boot-devtools\1.5.1.RELEASE\c87f0c00abef3bb02b40df8ae7604e2b010f9bd4\spring-boot-devtools-1.5.1.RELEASE.jar;C:\Users\Administrator\.gradle\caches\modules-2\files-2.1\org.springframework.boot
Launcher Type: SUN_STANDARD

Environment Variables:
JAVA_HOME=D:\java
CLASSPATH=.;D:\java\lib;
PATH=D:\java\bin;D:\oracle\root\product\12.1.0\client_1;D:\oracle\root\product\12.1.0\client_1\bin;D:\oracle\root\product\12.1.0\dbhome_1\bin;C:\ProgramData\Oracle\Java\javapath;C:\Program Files (x86)\NVIDIA Corporation\PhysX\Common;C:\WINDOWS\system32;C:\WINDOWS;C:\WINDOWS\System32\Wbem;C:\WINDOWS\System32\WindowsPowerShell\v1.0\;C:\Program Files (x86)\Microsoft SQL Server\100\Tools\Binn\;C:\Program Files\Microsoft SQL Server\100\Tools\Binn\;C:\Program Files\Microsoft SQL Server\100\DTS\Binn\;D:\Program Files (x86)\Python27;C:\Program Files\Microsoft SQL Server\120\Tools\Binn\;C:\Program Files\Microsoft SQL Server\110\Tools\Binn\;D:\mysql\bin;C:\Program Files\Microsoft\Web Platform Installer\;C:\Program Files (x86)\Microsoft SDKs\TypeScript\1.0\;D:\gradle\bin;D:\;C:\Program Files\Microsoft SQL Server\130\Tools\Binn\;C:\Program Files\dotnet\;D:\anaconda;D:\anaconda\Scripts;D:\anaconda\Library\bin;C:\Users\Administrator\Desktop\cocos2d-x-3.11.1\cocos2d-x-3.11.1\templates;C:\Users\Administrator\Desktop\cocos2d-x-3.11.1\cocos2d-x-3.11.1\tools\cocos2d-console\bin;D:\python\Scripts\;D:\python\;D:\appserv\Apache24\bin;D:\appserv\php5;D:\appserv\MySQL\bin;D:\java\bin;D:\Python27;D:\Python27\Scripts;C:\Users\Administrator\AppData\Roaming\npm
USERNAME=Administrator
OS=Windows_NT
PROCESSOR_IDENTIFIER=Intel64 Family 6 Model 60 Stepping 3, GenuineIntel



---------------  S Y S T E M  ---------------

OS: Windows 10.0 , 64 bit Build 14393 (10.0.14393.0)

CPU:total 4 (2 cores per cpu, 2 threads per core) family 6 model 60 stepping 3, cmov, cx8, fxsr, mmx, sse, sse2, sse3, ssse3, sse4.1, sse4.2, popcnt, avx, avx2, aes, clmul, erms, lzcnt, ht, tsc, tscinvbit, bmi1, bmi2

Memory: 4k page, physical 12497068k(5446972k free), swap 13283500k(3010140k free)

vm_info: Java HotSpot(TM) 64-Bit Server VM (25.51-b03) for windows-amd64 JRE (1.8.0_51-b16), built on Jun  8 2015 18:03:07 by "java_re" with MS VC++ 10.0 (VS2010)

time: Fri Jun 16 14:31:52 2017
elapsed time: 16 seconds (0d 0h 0m 16s)

