#
# A fatal error has been detected by the Java Runtime Environment:
#
#  EXCEPTION_ACCESS_VIOLATION (0xc0000005) at pc=0x00007ffb073bc3f9, pid=7868, tid=4588
#
# JRE version: Java(TM) SE Runtime Environment (8.0_51-b16) (build 1.8.0_51-b16)
# Java VM: Java HotSpot(TM) 64-Bit Server VM (25.51-b03 mixed mode windows-amd64 compressed oops)
# Problematic frame:
# C  [MSVCR120.dll+0x3c3f9]
#
# Failed to write core dump. Minidumps are not enabled by default on client versions of Windows
#
# If you would like to submit a bug report, please visit:
#   http://bugreport.java.com/bugreport/crash.jsp
# The crash happened outside the Java Virtual Machine in native code.
# See problematic frame for where to report the bug.
#

---------------  T H R E A D  ---------------

Current thread (0x000000001dd63000):  JavaThread "http-nio-8080-exec-1" daemon [_thread_in_native, id=4588, stack(0x0000000021c00000,0x0000000021d00000)]

siginfo: ExceptionCode=0xc0000005, reading address 0x000000002086d000

Registers:
RAX=0x80033600c3d1bd44, RBX=0x0000000020865b40, RCX=0x0073007200648bb4, RDX=0x0000000000000020
RSP=0x0000000021cfc8f8, RBP=0x0000000000000000, RSI=0x000000002086d000, RDI=0x000000002086cfe0
R8 =0x0073007200650074, R9 =0x00007ffb07380000, R10=0x0000000020865b40, R11=0x0000000020865b20
R12=0x00007ffaf547d708, R13=0x0000000000000000, R14=0x0000000021cfcd18, R15=0x0000000020865a20
RIP=0x00007ffb073bc3f9, EFLAGS=0x0000000000010203

Top of Stack: (sp=0x0000000021cfc8f8)
0x0000000021cfc8f8:   0000000020865a20 0000000020865b20
0x0000000021cfc908:   00007ffaf5479b58 00007ffb08038b10
0x0000000021cfc918:   00007ffb08038b10 0000000000000000
0x0000000021cfc928:   00007ffaf547d790 0000000020865a20
0x0000000021cfc938:   00007ffaf5473a0f 0000000021cfca40
0x0000000021cfc948:   0000000020865a40 0000000020865a40
0x0000000021cfc958:   0000000000c10c70 0000000002e5c440
0x0000000021cfc968:   0000000060579408 0000000000000003
0x0000000021cfc978:   000000001dd631f8 0000000000000004
0x0000000021cfc988:   000000006052d651 000000001c71b2c8
0x0000000021cfc998:   000000001c0101c8 0000000021cfc9f8
0x0000000021cfc9a8:   0000000021cfc958 0000000060aa9d58
0x0000000021cfc9b8:   0000000002fadcc0 0000000000000014
0x0000000021cfc9c8:   000000010000001b 0000000000001539
0x0000000021cfc9d8:   0000000000000009 000000001e846f38
0x0000000021cfc9e8:   000000001dd63000 0000000021cfcb00 

Instructions: (pc=0x00007ffb073bc3f9)
0x00007ffb073bc3d9:   03 c0 48 3b c8 0f 8c 96 03 00 00 0f ba 25 6c 53
0x00007ffb073bc3e9:   0a 00 01 73 13 57 56 48 8b f9 49 8b f2 49 8b c8
0x00007ffb073bc3f9:   f3 a4 5e 5f 49 8b c3 c3 0f ba 25 4f 53 0a 00 02
0x00007ffb073bc409:   0f 82 56 02 00 00 f6 c1 07 74 36 f6 c1 01 74 0b 


Register to memory mapping:

RAX=0x80033600c3d1bd44 is an unknown value
RBX=0x0000000020865b40 is an unknown value
RCX=0x0073007200648bb4 is an unknown value
RDX=0x0000000000000020 is an unknown value
RSP=0x0000000021cfc8f8 is pointing into the stack for thread: 0x000000001dd63000
RBP=0x0000000000000000 is an unknown value
RSI=0x000000002086d000 is an unknown value
RDI=0x000000002086cfe0 is an unknown value
R8 =0x0073007200650074 is an unknown value
R9 =0x00007ffb07380000 is an unknown value
R10=0x0000000020865b40 is an unknown value
R11=0x0000000020865b20 is an unknown value
R12=0x00007ffaf547d708 is an unknown value
R13=0x0000000000000000 is an unknown value
R14=0x0000000021cfcd18 is pointing into the stack for thread: 0x000000001dd63000
R15=0x0000000020865a20 is an unknown value


Stack: [0x0000000021c00000,0x0000000021d00000],  sp=0x0000000021cfc8f8,  free space=1010k
Native frames: (J=compiled Java code, j=interpreted, Vv=VM code, C=native code)

Java frames: (J=compiled Java code, j=interpreted, Vv=VM code)
j  com.bi.kernelImpl.main(Ljava/lang/String;)Ljava/lang/String;+0
j  com.bi.Service.impl.ProductServiceImpl.getProduct(Ljava/lang/String;)Lcom/bi/Domain/BaseResult;+35
j  com.bi.Controller.ProductController.getProduct(Ljava/lang/String;)Lcom/bi/Domain/BaseResult;+5
v  ~StubRoutines::call_stub
J 1069  sun.reflect.NativeMethodAccessorImpl.invoke0(Ljava/lang/reflect/Method;Ljava/lang/Object;[Ljava/lang/Object;)Ljava/lang/Object; (0 bytes) @ 0x000000000331787f [0x0000000003317800+0x7f]
J 1068 C1 sun.reflect.NativeMethodAccessorImpl.invoke(Ljava/lang/Object;[Ljava/lang/Object;)Ljava/lang/Object; (104 bytes) @ 0x0000000003316fd4 [0x0000000003316c20+0x3b4]
J 1006 C1 sun.reflect.DelegatingMethodAccessorImpl.invoke(Ljava/lang/Object;[Ljava/lang/Object;)Ljava/lang/Object; (10 bytes) @ 0x00000000032fe564 [0x00000000032fe520+0x44]
J 1005 C1 java.lang.reflect.Method.invoke(Ljava/lang/Object;[Ljava/lang/Object;)Ljava/lang/Object; (62 bytes) @ 0x00000000032fe18c [0x00000000032fe0a0+0xec]
j  org.springframework.web.method.support.InvocableHandlerMethod.doInvoke([Ljava/lang/Object;)Ljava/lang/Object;+16
j  org.springframework.web.method.support.InvocableHandlerMethod.invokeForRequest(Lorg/springframework/web/context/request/NativeWebRequest;Lorg/springframework/web/method/support/ModelAndViewContainer;[Ljava/lang/Object;)Ljava/lang/Object;+75
j  org.springframework.web.servlet.mvc.method.annotation.ServletInvocableHandlerMethod.invokeAndHandle(Lorg/springframework/web/context/request/ServletWebRequest;Lorg/springframework/web/method/support/ModelAndViewContainer;[Ljava/lang/Object;)V+4
j  org.springframework.web.servlet.mvc.method.annotation.RequestMappingHandlerAdapter.invokeHandlerMethod(Ljavax/servlet/http/HttpServletRequest;Ljavax/servlet/http/HttpServletResponse;Lorg/springframework/web/method/HandlerMethod;)Lorg/springframework/web/servlet/ModelAndView;+262
j  org.springframework.web.servlet.mvc.method.annotation.RequestMappingHandlerAdapter.handleInternal(Ljavax/servlet/http/HttpServletRequest;Ljavax/servlet/http/HttpServletResponse;Lorg/springframework/web/method/HandlerMethod;)Lorg/springframework/web/servlet/ModelAndView;+81
j  org.springframework.web.servlet.mvc.method.AbstractHandlerMethodAdapter.handle(Ljavax/servlet/http/HttpServletRequest;Ljavax/servlet/http/HttpServletResponse;Ljava/lang/Object;)Lorg/springframework/web/servlet/ModelAndView;+7
j  org.springframework.web.servlet.DispatcherServlet.doDispatch(Ljavax/servlet/http/HttpServletRequest;Ljavax/servlet/http/HttpServletResponse;)V+318
j  org.springframework.web.servlet.DispatcherServlet.doService(Ljavax/servlet/http/HttpServletRequest;Ljavax/servlet/http/HttpServletResponse;)V+301
j  org.springframework.web.servlet.FrameworkServlet.processRequest(Ljavax/servlet/http/HttpServletRequest;Ljavax/servlet/http/HttpServletResponse;)V+71
j  org.springframework.web.servlet.FrameworkServlet.doGet(Ljavax/servlet/http/HttpServletRequest;Ljavax/servlet/http/HttpServletResponse;)V+3
j  javax.servlet.http.HttpServlet.service(Ljavax/servlet/http/HttpServletRequest;Ljavax/servlet/http/HttpServletResponse;)V+35
j  org.springframework.web.servlet.FrameworkServlet.service(Ljavax/servlet/http/HttpServletRequest;Ljavax/servlet/http/HttpServletResponse;)V+33
j  javax.servlet.http.HttpServlet.service(Ljavax/servlet/ServletRequest;Ljavax/servlet/ServletResponse;)V+30
j  org.apache.catalina.core.ApplicationFilterChain.internalDoFilter(Ljavax/servlet/ServletRequest;Ljavax/servlet/ServletResponse;)V+304
j  org.apache.catalina.core.ApplicationFilterChain.doFilter(Ljavax/servlet/ServletRequest;Ljavax/servlet/ServletResponse;)V+101
j  org.apache.tomcat.websocket.server.WsFilter.doFilter(Ljavax/servlet/ServletRequest;Ljavax/servlet/ServletResponse;Ljavax/servlet/FilterChain;)V+21
j  org.apache.catalina.core.ApplicationFilterChain.internalDoFilter(Ljavax/servlet/ServletRequest;Ljavax/servlet/ServletResponse;)V+135
j  org.apache.catalina.core.ApplicationFilterChain.doFilter(Ljavax/servlet/ServletRequest;Ljavax/servlet/ServletResponse;)V+101
j  org.springframework.web.filter.RequestContextFilter.doFilterInternal(Ljavax/servlet/http/HttpServletRequest;Ljavax/servlet/http/HttpServletResponse;Ljavax/servlet/FilterChain;)V+21
j  org.springframework.web.filter.OncePerRequestFilter.doFilter(Ljavax/servlet/ServletRequest;Ljavax/servlet/ServletResponse;Ljavax/servlet/FilterChain;)V+111
j  org.apache.catalina.core.ApplicationFilterChain.internalDoFilter(Ljavax/servlet/ServletRequest;Ljavax/servlet/ServletResponse;)V+135
j  org.apache.catalina.core.ApplicationFilterChain.doFilter(Ljavax/servlet/ServletRequest;Ljavax/servlet/ServletResponse;)V+101
j  org.springframework.web.filter.HttpPutFormContentFilter.doFilterInternal(Ljavax/servlet/http/HttpServletRequest;Ljavax/servlet/http/HttpServletResponse;Ljavax/servlet/FilterChain;)V+87
j  org.springframework.web.filter.OncePerRequestFilter.doFilter(Ljavax/servlet/ServletRequest;Ljavax/servlet/ServletResponse;Ljavax/servlet/FilterChain;)V+111
j  org.apache.catalina.core.ApplicationFilterChain.internalDoFilter(Ljavax/servlet/ServletRequest;Ljavax/servlet/ServletResponse;)V+135
j  org.apache.catalina.core.ApplicationFilterChain.doFilter(Ljavax/servlet/ServletRequest;Ljavax/servlet/ServletResponse;)V+101
j  org.springframework.web.filter.HiddenHttpMethodFilter.doFilterInternal(Ljavax/servlet/http/HttpServletRequest;Ljavax/servlet/http/HttpServletResponse;Ljavax/servlet/FilterChain;)V+64
j  org.springframework.web.filter.OncePerRequestFilter.doFilter(Ljavax/servlet/ServletRequest;Ljavax/servlet/ServletResponse;Ljavax/servlet/FilterChain;)V+111
j  org.apache.catalina.core.ApplicationFilterChain.internalDoFilter(Ljavax/servlet/ServletRequest;Ljavax/servlet/ServletResponse;)V+135
j  org.apache.catalina.core.ApplicationFilterChain.doFilter(Ljavax/servlet/ServletRequest;Ljavax/servlet/ServletResponse;)V+101
j  org.springframework.web.filter.CharacterEncodingFilter.doFilterInternal(Ljavax/servlet/http/HttpServletRequest;Ljavax/servlet/http/HttpServletResponse;Ljavax/servlet/FilterChain;)V+53
j  org.springframework.web.filter.OncePerRequestFilter.doFilter(Ljavax/servlet/ServletRequest;Ljavax/servlet/ServletResponse;Ljavax/servlet/FilterChain;)V+111
j  org.apache.catalina.core.ApplicationFilterChain.internalDoFilter(Ljavax/servlet/ServletRequest;Ljavax/servlet/ServletResponse;)V+135
j  org.apache.catalina.core.ApplicationFilterChain.doFilter(Ljavax/servlet/ServletRequest;Ljavax/servlet/ServletResponse;)V+101
j  org.apache.catalina.core.StandardWrapperValve.invoke(Lorg/apache/catalina/connector/Request;Lorg/apache/catalina/connector/Response;)V+688
j  org.apache.catalina.core.StandardContextValve.invoke(Lorg/apache/catalina/connector/Request;Lorg/apache/catalina/connector/Response;)V+166
j  org.apache.catalina.authenticator.AuthenticatorBase.invoke(Lorg/apache/catalina/connector/Request;Lorg/apache/catalina/connector/Response;)V+275
j  org.apache.catalina.core.StandardHostValve.invoke(Lorg/apache/catalina/connector/Request;Lorg/apache/catalina/connector/Response;)V+135
j  org.apache.catalina.valves.ErrorReportValve.invoke(Lorg/apache/catalina/connector/Request;Lorg/apache/catalina/connector/Response;)V+6
j  org.apache.catalina.core.StandardEngineValve.invoke(Lorg/apache/catalina/connector/Request;Lorg/apache/catalina/connector/Response;)V+71
j  org.apache.catalina.connector.CoyoteAdapter.service(Lorg/apache/coyote/Request;Lorg/apache/coyote/Response;)V+199
j  org.apache.coyote.http11.Http11Processor.service(Lorg/apache/tomcat/util/net/SocketWrapperBase;)Lorg/apache/tomcat/util/net/AbstractEndpoint$Handler$SocketState;+790
j  org.apache.coyote.AbstractProcessorLight.process(Lorg/apache/tomcat/util/net/SocketWrapperBase;Lorg/apache/tomcat/util/net/SocketEvent;)Lorg/apache/tomcat/util/net/AbstractEndpoint$Handler$SocketState;+106
j  org.apache.coyote.AbstractProtocol$ConnectionHandler.process(Lorg/apache/tomcat/util/net/SocketWrapperBase;Lorg/apache/tomcat/util/net/SocketEvent;)Lorg/apache/tomcat/util/net/AbstractEndpoint$Handler$SocketState;+378
j  org.apache.tomcat.util.net.NioEndpoint$SocketProcessor.doRun()V+191
j  org.apache.tomcat.util.net.SocketProcessorBase.run()V+21
j  java.util.concurrent.ThreadPoolExecutor.runWorker(Ljava/util/concurrent/ThreadPoolExecutor$Worker;)V+95
j  java.util.concurrent.ThreadPoolExecutor$Worker.run()V+5
j  org.apache.tomcat.util.threads.TaskThread$WrappingRunnable.run()V+4
j  java.lang.Thread.run()V+11
v  ~StubRoutines::call_stub

---------------  P R O C E S S  ---------------

Java Threads: ( => current thread )
=>0x000000001dd63000 JavaThread "http-nio-8080-exec-1" daemon [_thread_in_native, id=4588, stack(0x0000000021c00000,0x0000000021d00000)]
  0x000000001dd63800 JavaThread "DestroyJavaVM" [_thread_blocked, id=11036, stack(0x0000000002c60000,0x0000000002d60000)]
  0x000000001dd5f000 JavaThread "http-nio-8080-AsyncTimeout" daemon [_thread_blocked, id=5300, stack(0x0000000021b00000,0x0000000021c00000)]
  0x000000001dd65000 JavaThread "http-nio-8080-Acceptor-0" daemon [_thread_in_native, id=1152, stack(0x0000000021a00000,0x0000000021b00000)]
  0x000000001dd61800 JavaThread "http-nio-8080-ClientPoller-1" daemon [_thread_in_native, id=12388, stack(0x0000000021900000,0x0000000021a00000)]
  0x000000001dd5e000 JavaThread "http-nio-8080-ClientPoller-0" daemon [_thread_in_native, id=9316, stack(0x0000000021800000,0x0000000021900000)]
  0x000000001dd59000 JavaThread "NioBlockingSelector.BlockPoller-1" daemon [_thread_in_native, id=6932, stack(0x0000000021500000,0x0000000021600000)]
  0x000000001dd55000 JavaThread "Live Reload Server" daemon [_thread_in_native, id=14644, stack(0x0000000021400000,0x0000000021500000)]
  0x000000001c873800 JavaThread "File Watcher" daemon [_thread_in_native, id=9420, stack(0x0000000021200000,0x0000000021300000)]
  0x000000001dc17800 JavaThread "container-0" [_thread_blocked, id=500, stack(0x000000001f130000,0x000000001f230000)]
  0x000000001dc31000 JavaThread "ContainerBackgroundProcessor[StandardEngine[Tomcat]]" daemon [_thread_blocked, id=8320, stack(0x000000001f030000,0x000000001f130000)]
  0x000000001b817800 JavaThread "Service Thread" daemon [_thread_blocked, id=2780, stack(0x000000001be80000,0x000000001bf80000)]
  0x000000001b812800 JavaThread "C1 CompilerThread2" daemon [_thread_blocked, id=3196, stack(0x000000001bd80000,0x000000001be80000)]
  0x000000001b80c800 JavaThread "C2 CompilerThread1" daemon [_thread_blocked, id=10784, stack(0x000000001bc80000,0x000000001bd80000)]
  0x000000001b7b4000 JavaThread "C2 CompilerThread0" daemon [_thread_blocked, id=20992, stack(0x000000001bb80000,0x000000001bc80000)]
  0x000000001b6eb800 JavaThread "Monitor Ctrl-Break" daemon [_thread_in_native, id=17348, stack(0x000000001ba80000,0x000000001bb80000)]
  0x000000001a13d000 JavaThread "Attach Listener" daemon [_thread_blocked, id=12580, stack(0x000000001b980000,0x000000001ba80000)]
  0x000000001b4c3800 JavaThread "Signal Dispatcher" daemon [_thread_blocked, id=15200, stack(0x000000001b880000,0x000000001b980000)]
  0x0000000003056000 JavaThread "Finalizer" daemon [_thread_blocked, id=20656, stack(0x000000001b380000,0x000000001b480000)]
  0x0000000003053000 JavaThread "Reference Handler" daemon [_thread_blocked, id=6584, stack(0x000000001b280000,0x000000001b380000)]

Other Threads:
  0x000000001a0e8000 VMThread [stack: 0x000000001b180000,0x000000001b280000] [id=15712]
  0x000000001b81b800 WatcherThread [stack: 0x000000001bf80000,0x000000001c080000] [id=13988]

VM state:not at safepoint (normal execution)

VM Mutex/Monitor currently owned by a thread: None

Heap:
 PSYoungGen      total 210944K, used 77007K [0x0000000780700000, 0x0000000797480000, 0x00000007c0000000)
  eden space 196608K, 32% used [0x0000000780700000,0x0000000784554748,0x000000078c700000)
  from space 14336K, 91% used [0x000000078c700000,0x000000078d3df6b0,0x000000078d500000)
  to   space 15360K, 0% used [0x0000000796580000,0x0000000796580000,0x0000000797480000)
 ParOldGen       total 77312K, used 12631K [0x0000000701400000, 0x0000000705f80000, 0x0000000780700000)
  object space 77312K, 16% used [0x0000000701400000,0x0000000702055ee0,0x0000000705f80000)
 Metaspace       used 28959K, capacity 29412K, committed 29616K, reserved 1075200K
  class space    used 3846K, capacity 3975K, committed 4016K, reserved 1048576K

Card table byte_map: [0x0000000012420000,0x0000000012a20000] byte_map_base: 0x000000000ec16000

Marking Bits: (ParMarkBitMap*) 0x0000000060cc4040
 Begin Bits: [0x0000000013220000, 0x00000000161d0000)
 End Bits:   [0x00000000161d0000, 0x0000000019180000)

Polling page: 0x0000000000b70000

CodeCache: size=245760Kb used=7000Kb max_used=7000Kb free=238759Kb
 bounds [0x0000000003060000, 0x0000000003740000, 0x0000000012060000]
 total_blobs=3709 nmethods=3292 adapters=329
 compilation: enabled

Compilation events (10 events):
Event: 22.447 Thread 0x000000001b812800 3359       1       org.apache.tomcat.util.buf.Ascii::toLower (14 bytes)
Event: 22.447 Thread 0x000000001b812800 nmethod 3359 0x0000000003733e90 code [0x0000000003733fe0, 0x0000000003734110]
Event: 22.470 Thread 0x000000001b812800 3360       1       java.nio.charset.CoderResult::isUnderflow (13 bytes)
Event: 22.470 Thread 0x000000001b812800 nmethod 3360 0x00000000037341d0 code [0x0000000003734320, 0x0000000003734450]
Event: 22.470 Thread 0x000000001b812800 3361       1       org.apache.tomcat.util.http.MimeHeaderField::getName (5 bytes)
Event: 22.470 Thread 0x000000001b812800 nmethod 3361 0x0000000003734490 code [0x00000000037345e0, 0x00000000037346f0]
Event: 22.504 Thread 0x000000001b812800 3362   !   1       com.sun.proxy.$Proxy53::annotationType (29 bytes)
Event: 22.504 Thread 0x000000001b812800 nmethod 3362 0x0000000003734990 code [0x0000000003734b00, 0x0000000003734d38]
Event: 22.519 Thread 0x000000001b812800 3363       1       sun.misc.ProxyGenerator$ProxyMethod::codeUnwrapReturnValue (213 bytes)
Event: 22.521 Thread 0x000000001b812800 nmethod 3363 0x0000000003734e90 code [0x0000000003735200, 0x00000000037361f8]

GC Heap History (10 events):
Event: 5.939 GC heap before
{Heap before GC invocations=4 (full 0):
 PSYoungGen      total 57344K, used 57332K [0x0000000780700000, 0x0000000787700000, 0x00000007c0000000)
  eden space 49152K, 100% used [0x0000000780700000,0x0000000783700000,0x0000000783700000)
  from space 8192K, 99% used [0x0000000783700000,0x0000000783efd2d0,0x0000000783f00000)
  to   space 8192K, 0% used [0x0000000786f00000,0x0000000786f00000,0x0000000787700000)
 ParOldGen       total 131072K, used 3651K [0x0000000701400000, 0x0000000709400000, 0x0000000780700000)
  object space 131072K, 2% used [0x0000000701400000,0x0000000701790ce8,0x0000000709400000)
 Metaspace       used 16855K, capacity 17180K, committed 17408K, reserved 1064960K
  class space    used 2200K, capacity 2286K, committed 2304K, reserved 1048576K
Event: 5.954 GC heap after
Heap after GC invocations=4 (full 0):
 PSYoungGen      total 106496K, used 8180K [0x0000000780700000, 0x0000000787700000, 0x00000007c0000000)
  eden space 98304K, 0% used [0x0000000780700000,0x0000000780700000,0x0000000786700000)
  from space 8192K, 99% used [0x0000000786f00000,0x00000007876fd230,0x0000000787700000)
  to   space 8192K, 0% used [0x0000000786700000,0x0000000786700000,0x0000000786f00000)
 ParOldGen       total 131072K, used 4912K [0x0000000701400000, 0x0000000709400000, 0x0000000780700000)
  object space 131072K, 3% used [0x0000000701400000,0x00000007018cc1b8,0x0000000709400000)
 Metaspace       used 16855K, capacity 17180K, committed 17408K, reserved 1064960K
  class space    used 2200K, capacity 2286K, committed 2304K, reserved 1048576K
}
Event: 7.147 GC heap before
{Heap before GC invocations=5 (full 0):
 PSYoungGen      total 106496K, used 106484K [0x0000000780700000, 0x0000000787700000, 0x00000007c0000000)
  eden space 98304K, 100% used [0x0000000780700000,0x0000000786700000,0x0000000786700000)
  from space 8192K, 99% used [0x0000000786f00000,0x00000007876fd230,0x0000000787700000)
  to   space 8192K, 0% used [0x0000000786700000,0x0000000786700000,0x0000000786f00000)
 ParOldGen       total 131072K, used 4912K [0x0000000701400000, 0x0000000709400000, 0x0000000780700000)
  object space 131072K, 3% used [0x0000000701400000,0x00000007018cc1b8,0x0000000709400000)
 Metaspace       used 19920K, capacity 20324K, committed 20480K, reserved 1067008K
  class space    used 2652K, capacity 2747K, committed 2816K, reserved 1048576K
Event: 7.165 GC heap after
Heap after GC invocations=5 (full 0):
 PSYoungGen      total 106496K, used 8173K [0x0000000780700000, 0x000000078e400000, 0x00000007c0000000)
  eden space 98304K, 0% used [0x0000000780700000,0x0000000780700000,0x0000000786700000)
  from space 8192K, 99% used [0x0000000786700000,0x0000000786efb520,0x0000000786f00000)
  to   space 14848K, 0% used [0x000000078d580000,0x000000078d580000,0x000000078e400000)
 ParOldGen       total 131072K, used 10158K [0x0000000701400000, 0x0000000709400000, 0x0000000780700000)
  object space 131072K, 7% used [0x0000000701400000,0x0000000701debbb8,0x0000000709400000)
 Metaspace       used 19920K, capacity 20324K, committed 20480K, reserved 1067008K
  class space    used 2652K, capacity 2747K, committed 2816K, reserved 1048576K
}
Event: 7.429 GC heap before
{Heap before GC invocations=6 (full 0):
 PSYoungGen      total 106496K, used 34781K [0x0000000780700000, 0x000000078e400000, 0x00000007c0000000)
  eden space 98304K, 27% used [0x0000000780700000,0x00000007820fc050,0x0000000786700000)
  from space 8192K, 99% used [0x0000000786700000,0x0000000786efb520,0x0000000786f00000)
  to   space 14848K, 0% used [0x000000078d580000,0x000000078d580000,0x000000078e400000)
 ParOldGen       total 131072K, used 10158K [0x0000000701400000, 0x0000000709400000, 0x0000000780700000)
  object space 131072K, 7% used [0x0000000701400000,0x0000000701debbb8,0x0000000709400000)
 Metaspace       used 20807K, capacity 21188K, committed 21296K, reserved 1067008K
  class space    used 2772K, capacity 2843K, committed 2864K, reserved 1048576K
Event: 7.442 GC heap after
Heap after GC invocations=6 (full 0):
 PSYoungGen      total 210432K, used 9675K [0x0000000780700000, 0x000000078e300000, 0x00000007c0000000)
  eden space 196608K, 0% used [0x0000000780700000,0x0000000780700000,0x000000078c700000)
  from space 13824K, 69% used [0x000000078d580000,0x000000078def2ed0,0x000000078e300000)
  to   space 14336K, 0% used [0x000000078c700000,0x000000078c700000,0x000000078d500000)
 ParOldGen       total 131072K, used 10166K [0x0000000701400000, 0x0000000709400000, 0x0000000780700000)
  object space 131072K, 7% used [0x0000000701400000,0x0000000701dedbb8,0x0000000709400000)
 Metaspace       used 20807K, capacity 21188K, committed 21296K, reserved 1067008K
  class space    used 2772K, capacity 2843K, committed 2864K, reserved 1048576K
}
Event: 7.442 GC heap before
{Heap before GC invocations=7 (full 1):
 PSYoungGen      total 210432K, used 9675K [0x0000000780700000, 0x000000078e300000, 0x00000007c0000000)
  eden space 196608K, 0% used [0x0000000780700000,0x0000000780700000,0x000000078c700000)
  from space 13824K, 69% used [0x000000078d580000,0x000000078def2ed0,0x000000078e300000)
  to   space 14336K, 0% used [0x000000078c700000,0x000000078c700000,0x000000078d500000)
 ParOldGen       total 131072K, used 10166K [0x0000000701400000, 0x0000000709400000, 0x0000000780700000)
  object space 131072K, 7% used [0x0000000701400000,0x0000000701dedbb8,0x0000000709400000)
 Metaspace       used 20807K, capacity 21188K, committed 21296K, reserved 1067008K
  class space    used 2772K, capacity 2843K, committed 2864K, reserved 1048576K
Event: 7.504 GC heap after
Heap after GC invocations=7 (full 1):
 PSYoungGen      total 210432K, used 0K [0x0000000780700000, 0x000000078e300000, 0x00000007c0000000)
  eden space 196608K, 0% used [0x0000000780700000,0x0000000780700000,0x000000078c700000)
  from space 13824K, 0% used [0x000000078d580000,0x000000078d580000,0x000000078e300000)
  to   space 14336K, 0% used [0x000000078c700000,0x000000078c700000,0x000000078d500000)
 ParOldGen       total 77312K, used 12631K [0x0000000701400000, 0x0000000705f80000, 0x0000000780700000)
  object space 77312K, 16% used [0x0000000701400000,0x0000000702055ee0,0x0000000705f80000)
 Metaspace       used 20807K, capacity 21188K, committed 21296K, reserved 1067008K
  class space    used 2772K, capacity 2843K, committed 2864K, reserved 1048576K
}
Event: 18.690 GC heap before
{Heap before GC invocations=8 (full 1):
 PSYoungGen      total 210432K, used 196608K [0x0000000780700000, 0x000000078e300000, 0x00000007c0000000)
  eden space 196608K, 100% used [0x0000000780700000,0x000000078c700000,0x000000078c700000)
  from space 13824K, 0% used [0x000000078d580000,0x000000078d580000,0x000000078e300000)
  to   space 14336K, 0% used [0x000000078c700000,0x000000078c700000,0x000000078d500000)
 ParOldGen       total 77312K, used 12631K [0x0000000701400000, 0x0000000705f80000, 0x0000000780700000)
  object space 77312K, 16% used [0x0000000701400000,0x0000000702055ee0,0x0000000705f80000)
 Metaspace       used 27043K, capacity 27450K, committed 27824K, reserved 1073152K
  class space    used 3579K, capacity 3684K, committed 3760K, reserved 1048576K
Event: 18.707 GC heap after
Heap after GC invocations=8 (full 1):
 PSYoungGen      total 210944K, used 13181K [0x0000000780700000, 0x0000000797480000, 0x00000007c0000000)
  eden space 196608K, 0% used [0x0000000780700000,0x0000000780700000,0x000000078c700000)
  from space 14336K, 91% used [0x000000078c700000,0x000000078d3df6b0,0x000000078d500000)
  to   space 15360K, 0% used [0x0000000796580000,0x0000000796580000,0x0000000797480000)
 ParOldGen       total 77312K, used 12631K [0x0000000701400000, 0x0000000705f80000, 0x0000000780700000)
  object space 77312K, 16% used [0x0000000701400000,0x0000000702055ee0,0x0000000705f80000)
 Metaspace       used 27043K, capacity 27450K, committed 27824K, reserved 1073152K
  class space    used 3579K, capacity 3684K, committed 3760K, reserved 1048576K
}

Deoptimization events (0 events):
No events

Internal exceptions (10 events):
Event: 22.312 Thread 0x000000001dd63000 Exception <a 'java/lang/ClassNotFoundException': org/springframework/web/servlet/theme/AbstractThemeResolverCustomizer> (0x0000000783ecbaf8) thrown at [C:\re\workspace\8-2-build-windows-amd64-cygwin\jdk8u51\3951\hotspot\src\share\vm\classfile\systemDiction/føS6@
Event: 22.327 Thread 0x000000001dd63000 Exception <a 'java/lang/ClassNotFoundException': org/springframework/web/servlet/theme/FixedThemeResolverCustomizer> (0x0000000783eebc08) thrown at [C:\re\workspace\8-2-build-windows-amd64-cygwin\jdk8u51\3951\hotspot\src\share\vm\classfile\systemDictionary´¥·ŸïV6@
Event: 22.338 Thread 0x000000001dd63000 Exception <a 'java/lang/ClassNotFoundException': org/springframework/web/servlet/ThemeResolverCustomizer> (0x0000000783f092a8) thrown at [C:\re\workspace\8-2-build-windows-amd64-cygwin\jdk8u51\3951\hotspot\src\share\vm\classfile\systemDictionary.cpp, line ÔTÅ ÄW6@
Event: 22.342 Thread 0x000000001dd63000 Exception <a 'java/lang/ClassNotFoundException': java/lang/ObjectCustomizer> (0x0000000783f31dc0) thrown at [C:\re\workspace\8-2-build-windows-amd64-cygwin\jdk8u51\3951\hotspot\src\share\vm\classfile\systemDictionary.cpp, line 210]
Event: 22.353 Thread 0x000000001dd63000 Exception <a 'java/lang/ClassNotFoundException': org/springframework/web/servlet/view/DefaultRequestToViewNameTranslatorCustomizer> (0x0000000783f55cc0) thrown at [C:\re\workspace\8-2-build-windows-amd64-cygwin\jdk8u51\3951\hotspot\src\share\vm\classfile\s2D%\6@
Event: 22.360 Thread 0x000000001dd63000 Exception <a 'java/lang/ClassNotFoundException': org/springframework/web/servlet/RequestToViewNameTranslatorCustomizer> (0x0000000783f85090) thrown at [C:\re\workspace\8-2-build-windows-amd64-cygwin\jdk8u51\3951\hotspot\src\share\vm\classfile\systemDictionø/,≠ƒ_6@
Event: 22.374 Thread 0x000000001dd63000 Exception <a 'java/lang/ClassNotFoundException': java/lang/ObjectCustomizer> (0x0000000783fc5b50) thrown at [C:\re\workspace\8-2-build-windows-amd64-cygwin\jdk8u51\3951\hotspot\src\share\vm\classfile\systemDictionary.cpp, line 210]
Event: 22.385 Thread 0x000000001dd63000 Exception <a 'java/lang/ClassNotFoundException': org/springframework/web/servlet/support/AbstractFlashMapManagerCustomizer> (0x0000000783fe7b18) thrown at [C:\re\workspace\8-2-build-windows-amd64-cygwin\jdk8u51\3951\hotspot\src\share\vm\classfile\systemDicÌ%Gtfc6@
Event: 22.388 Thread 0x000000001dd63000 Exception <a 'java/lang/ClassNotFoundException': org/springframework/web/servlet/support/SessionFlashMapManagerCustomizer> (0x000000078400d928) thrown at [C:\re\workspace\8-2-build-windows-amd64-cygwin\jdk8u51\3951\hotspot\src\share\vm\classfile\systemDict]3*(d6@
Event: 22.391 Thread 0x000000001dd63000 Exception <a 'java/lang/ClassNotFoundException': org/springframework/web/servlet/FlashMapManagerCustomizer> (0x000000078402aea8) thrown at [C:\re\workspace\8-2-build-windows-amd64-cygwin\jdk8u51\3951\hotspot\src\share\vm\classfile\systemDictionary.cpp, lin

Events (10 events):
Event: 22.540 loading class javax/servlet/http/Part
Event: 22.540 loading class javax/servlet/http/Part done
Event: 22.542 loading class org/springframework/web/multipart/MultipartFile
Event: 22.542 loading class org/springframework/web/multipart/MultipartFile done
Event: 22.543 loading class org/springframework/web/servlet/mvc/method/annotation/ExtendedServletRequestDataBinder
Event: 22.543 loading class org/springframework/web/servlet/mvc/method/annotation/ExtendedServletRequestDataBinder done
Event: 22.544 loading class org/springframework/web/bind/ServletRequestDataBinder
Event: 22.544 loading class org/springframework/web/bind/ServletRequestDataBinder done
Event: 22.559 loading class org/springframework/web/bind/WebDataBinder
Event: 22.559 loading class org/springframework/web/bind/WebDataBinder done


Dynamic libraries:
0x00007ff642980000 - 0x00007ff6429b7000 	D:\java\bin\java.exe
0x00007ffb2a530000 - 0x00007ffb2a701000 	C:\WINDOWS\SYSTEM32\ntdll.dll
0x00007ffb27c90000 - 0x00007ffb27d3b000 	C:\WINDOWS\System32\KERNEL32.DLL
0x00007ffb27610000 - 0x00007ffb2782d000 	C:\WINDOWS\System32\KERNELBASE.dll
0x00007ffb29bf0000 - 0x00007ffb29c92000 	C:\WINDOWS\System32\ADVAPI32.dll
0x00007ffb27ec0000 - 0x00007ffb27f5e000 	C:\WINDOWS\System32\msvcrt.dll
0x00007ffb27aa0000 - 0x00007ffb27af9000 	C:\WINDOWS\System32\sechost.dll
0x00007ffb27b00000 - 0x00007ffb27c21000 	C:\WINDOWS\System32\RPCRT4.dll
0x00007ffb29cc0000 - 0x00007ffb29e25000 	C:\WINDOWS\System32\USER32.dll
0x00007ffb274a0000 - 0x00007ffb274be000 	C:\WINDOWS\System32\win32u.dll
0x00007ffb27da0000 - 0x00007ffb27dd4000 	C:\WINDOWS\System32\GDI32.dll
0x00007ffb27140000 - 0x00007ffb272c2000 	C:\WINDOWS\System32\gdi32full.dll
0x00007ffb217c0000 - 0x00007ffb21a39000 	C:\WINDOWS\WinSxS\amd64_microsoft.windows.common-controls_6595b64144ccf1df_6.0.14393.447_none_42191651c6827bb3\COMCTL32.dll
0x00007ffb29e40000 - 0x00007ffb2a107000 	C:\WINDOWS\System32\combase.dll
0x00007ffb27510000 - 0x00007ffb27605000 	C:\WINDOWS\System32\ucrtbase.dll
0x00007ffb27430000 - 0x00007ffb2749a000 	C:\WINDOWS\System32\bcryptPrimitives.dll
0x00007ffb27e90000 - 0x00007ffb27ebe000 	C:\WINDOWS\System32\IMM32.DLL
0x0000000061450000 - 0x0000000061522000 	D:\java\bin\msvcr100.dll
0x00000000604c0000 - 0x0000000060d43000 	D:\java\bin\server\jvm.dll
0x00007ffb2a3f0000 - 0x00007ffb2a3f8000 	C:\WINDOWS\System32\PSAPI.DLL
0x00007ffb16690000 - 0x00007ffb16699000 	C:\WINDOWS\SYSTEM32\WSOCK32.dll
0x00007ffb2a400000 - 0x00007ffb2a46a000 	C:\WINDOWS\System32\WS2_32.dll
0x00007ffb23830000 - 0x00007ffb23853000 	C:\WINDOWS\SYSTEM32\WINMM.dll
0x00007ffb22ae0000 - 0x00007ffb22aea000 	C:\WINDOWS\SYSTEM32\VERSION.dll
0x00007ffb23800000 - 0x00007ffb2382b000 	C:\WINDOWS\SYSTEM32\WINMMBASE.dll
0x00007ffb274c0000 - 0x00007ffb27502000 	C:\WINDOWS\System32\cfgmgr32.dll
0x0000000061d40000 - 0x0000000061d4f000 	D:\java\bin\verify.dll
0x0000000061cd0000 - 0x0000000061cf9000 	D:\java\bin\java.dll
0x0000000061420000 - 0x0000000061443000 	D:\java\bin\instrument.dll
0x0000000061cb0000 - 0x0000000061cc6000 	D:\java\bin\zip.dll
0x00007ffb27f80000 - 0x00007ffb29489000 	C:\WINDOWS\System32\SHELL32.dll
0x00007ffb26a60000 - 0x00007ffb2713a000 	C:\WINDOWS\System32\windows.storage.dll
0x00007ffb269b0000 - 0x00007ffb269fc000 	C:\WINDOWS\System32\powrprof.dll
0x00007ffb27d40000 - 0x00007ffb27d92000 	C:\WINDOWS\System32\shlwapi.dll
0x00007ffb269a0000 - 0x00007ffb269af000 	C:\WINDOWS\System32\kernel.appcore.dll
0x00007ffb272d0000 - 0x00007ffb27379000 	C:\WINDOWS\System32\shcore.dll
0x00007ffb26980000 - 0x00007ffb26994000 	C:\WINDOWS\System32\profapi.dll
0x00007ffb0b1f0000 - 0x00007ffb0b20a000 	D:\Intellij\IntelliJ IDEA 2017.1\bin\breakgen64.dll
0x0000000061c90000 - 0x0000000061caa000 	D:\java\bin\net.dll
0x00007ffb261d0000 - 0x00007ffb2622c000 	C:\WINDOWS\system32\mswsock.dll
0x0000000061d30000 - 0x0000000061d3d000 	D:\java\bin\management.dll
0x00007ffb22df0000 - 0x00007ffb22e08000 	C:\WINDOWS\system32\NLAapi.dll
0x00007ffb16de0000 - 0x00007ffb16df6000 	C:\WINDOWS\system32\napinsp.dll
0x00007ffb16dc0000 - 0x00007ffb16dda000 	C:\WINDOWS\system32\pnrpnsp.dll
0x00007ffb25fa0000 - 0x00007ffb26040000 	C:\WINDOWS\SYSTEM32\DNSAPI.dll
0x00007ffb27e80000 - 0x00007ffb27e88000 	C:\WINDOWS\System32\NSI.dll
0x00007ffb25f60000 - 0x00007ffb25f98000 	C:\WINDOWS\SYSTEM32\IPHLPAPI.DLL
0x00007ffb16db0000 - 0x00007ffb16dbe000 	C:\WINDOWS\System32\winrnr.dll
0x0000000062420000 - 0x0000000062446000 	C:\Program Files\Bonjour\mdnsNSP.dll
0x0000000063560000 - 0x0000000063569000 	C:\Program Files\National Instruments\Shared\mDNS Responder\nimdnsNSP.dll
0x0000000063550000 - 0x000000006355e000 	C:\WINDOWS\SYSTEM32\nimdnsResponder.dll
0x0000000062370000 - 0x0000000062413000 	C:\WINDOWS\WinSxS\amd64_microsoft.vc90.crt_1fc8b3b9a1e18e3b_9.0.30729.9247_none_08e394a1a83e212f\MSVCR90.dll
0x00007ffb1a450000 - 0x00007ffb1a45a000 	C:\Windows\System32\rasadhlp.dll
0x00007ffb1ab90000 - 0x00007ffb1abfa000 	C:\WINDOWS\System32\fwpuclnt.dll
0x00007ffb26550000 - 0x00007ffb2657b000 	C:\WINDOWS\SYSTEM32\bcrypt.dll
0x0000000061c70000 - 0x0000000061c81000 	D:\java\bin\nio.dll
0x00007ffb26450000 - 0x00007ffb26467000 	C:\WINDOWS\SYSTEM32\CRYPTSP.dll
0x00007ffb26350000 - 0x00007ffb26383000 	C:\WINDOWS\system32\rsaenh.dll
0x00007ffb26050000 - 0x00007ffb2606f000 	C:\WINDOWS\SYSTEM32\USERENV.dll
0x00007ffb26440000 - 0x00007ffb2644b000 	C:\WINDOWS\SYSTEM32\CRYPTBASE.dll
0x00007ffb228a0000 - 0x00007ffb228b6000 	C:\WINDOWS\SYSTEM32\dhcpcsvc6.DLL
0x00007ffb1d040000 - 0x00007ffb1d05a000 	C:\WINDOWS\SYSTEM32\dhcpcsvc.DLL
0x00007ffaf5470000 - 0x00007ffaf5dc2000 	C:\Users\Administrator\Desktop\tool\projects\…ÃŒÒ÷«ƒ‹\∆⁄ƒ©œÓƒø\kernelCpp.dll
0x00007ffb07380000 - 0x00007ffb0746f000 	C:\WINDOWS\SYSTEM32\MSVCR120.dll
0x00007ffb07fa0000 - 0x00007ffb08046000 	C:\WINDOWS\SYSTEM32\MSVCP120.dll
0x00007ffb08870000 - 0x00007ffb08a02000 	C:\WINDOWS\SYSTEM32\dbghelp.dll

VM Arguments:
jvm_args: -XX:TieredStopAtLevel=1 -Xverify:none -Dspring.output.ansi.enabled=always -javaagent:D:\Intellij\IntelliJ IDEA 2017.1\lib\idea_rt.jar=49612:D:\Intellij\IntelliJ IDEA 2017.1\bin -Dfile.encoding=UTF-8 
java_command: com.bi.BIApplication
java_class_path (initial): D:\java\jre\lib\charsets.jar;D:\java\jre\lib\deploy.jar;D:\java\jre\lib\ext\access-bridge-64.jar;D:\java\jre\lib\ext\cldrdata.jar;D:\java\jre\lib\ext\dnsns.jar;D:\java\jre\lib\ext\jaccess.jar;D:\java\jre\lib\ext\jfxrt.jar;D:\java\jre\lib\ext\localedata.jar;D:\java\jre\lib\ext\mysql-connector-java-5.1.26-bin.jar;D:\java\jre\lib\ext\nashorn.jar;D:\java\jre\lib\ext\sunec.jar;D:\java\jre\lib\ext\sunjce_provider.jar;D:\java\jre\lib\ext\sunmscapi.jar;D:\java\jre\lib\ext\sunpkcs11.jar;D:\java\jre\lib\ext\zipfs.jar;D:\java\jre\lib\javaws.jar;D:\java\jre\lib\jce.jar;D:\java\jre\lib\jfr.jar;D:\java\jre\lib\jfxswt.jar;D:\java\jre\lib\jsse.jar;D:\java\jre\lib\management-agent.jar;D:\java\jre\lib\plugin.jar;D:\java\jre\lib\resources.jar;D:\java\jre\lib\rt.jar;C:\Users\Administrator\Desktop\tool\projects\…ÃŒÒ÷«ƒ‹\∆⁄ƒ©œÓƒø\build\classes\main;C:\Users\Administrator\Desktop\tool\projects\…ÃŒÒ÷«ƒ‹\∆⁄ƒ©œÓƒø\build\resources\main;C:\Users\Administrator\.gradle\caches\modules-2\files-2.1\org.springframework.boot\spring-boot-starter-aop\1.5.1.RELEASE\c03e2abaa0dc45a64f2a71dd0e6db940ef326dd5\spring-boot-starter-aop-1.5.1.RELEASE.jar;C:\Users\Administrator\.gradle\caches\modules-2\files-2.1\org.springframework.boot\spring-boot-starter-web\1.5.1.RELEASE\8404c45cb53a05edcd0ad8fc57a5fe43462263d8\spring-boot-starter-web-1.5.1.RELEASE.jar;C:\Users\Administrator\.gradle\caches\modules-2\files-2.1\org.mybatis.spring.boot\mybatis-spring-boot-starter\1.2.0\70580e3e13969ba9ee07bbb02fceed4f400b6463\mybatis-spring-boot-starter-1.2.0.jar;C:\Users\Administrator\.gradle\caches\modules-2\files-2.1\mysql\mysql-connector-java\5.1.21\7abbd19fc2e2d5b92c0895af8520f7fa30266be9\mysql-connector-java-5.1.21.jar;C:\Users\Administrator\.gradle\caches\modules-2\files-2.1\org.springframework.boot\spring-boot-devtools\1.5.1.RELEASE\c87f0c00abef3bb02b40df8ae7604e2b010f9bd4\spring-boot-devtools-1.5.1.RELEASE.jar;C:\Users\Administrator\.gradle\caches\modules-2\files-2.1\org.springframework.boot
Launcher Type: SUN_STANDARD

Environment Variables:
JAVA_HOME=D:\java
