#
# A fatal error has been detected by the Java Runtime Environment:
#
#  EXCEPTION_ACCESS_VIOLATION (0xc0000005) at pc=0x000007fed9066ec1, pid=6868, tid=0x0000000000001d34
#
# JRE version: Java(TM) SE Runtime Environment (8.0_101-b13) (build 1.8.0_101-b13)
# Java VM: Java HotSpot(TM) 64-Bit Server VM (25.101-b13 mixed mode windows-amd64 compressed oops)
# Problematic frame:
# C  [MSVCP120.dll+0x16ec1]
#
# Failed to write core dump. Minidumps are not enabled by default on client versions of Windows
#
# If you would like to submit a bug report, please visit:
#   http://bugreport.java.com/bugreport/crash.jsp
# The crash happened outside the Java Virtual Machine in native code.
# See problematic frame for where to report the bug.
#

---------------  T H R E A D  ---------------

Current thread (0x000000000241a000):  JavaThread "main" [_thread_in_native, id=7476, stack(0x0000000002660000,0x0000000002760000)]

siginfo: ExceptionCode=0xc0000005, writing address 0x0000000000000000

Registers:
RAX=0x0000000080000003, RBX=0x000000000275ec90, RCX=0x0000000000000001, RDX=0x0000000000000003
RSP=0x000000000275eac0, RBP=0x000000000275ec70, RSI=0x0000000000224230, RDI=0x0000000000000000
R8 =0x0000000000000000, R9 =0x000000000275ea30, R10=0x000000000000000f, R11=0x0000000000220001
R12=0x0000000000000007, R13=0x000007fed6e8c750, R14=0x0000000000000000, R15=0x000007fed6e8c758
RIP=0x000007fed9066ec1, EFLAGS=0x0000000000010293

Top of Stack: (sp=0x000000000275eac0)
0x000000000275eac0:   000000000275ec90 0000000000000000
0x000000000275ead0:   0000000000224230 000000000275ec90
0x000000000275eae0:   000000000275ed28 000000000275eb80
0x000000000275eaf0:   000000000275eb88 0000000000000001
0x000000000275eb00:   0000000000221e90 fffffffffffffffe
0x000000000275eb10:   0000000000000000 000007fed90e8b01
0x000000000275eb20:   0000000000000000 000007fed9063301
0x000000000275eb30:   000000000275ec90 000007fed6e86501
0x000000000275eb40:   0000000000000000 000007fed9063301
0x000000000275eb50:   0000000000000000 0000000000000001
0x000000000275eb60:   000000000021e580 000007fed6e834ea
0x000000000275eb70:   000000000275ec90 0000000000000000
0x000000000275eb80:   0000000000000001 0000000000000003
0x000000000275eb90:   000000000000000b 000007fed6e82fd0
0x000000000275eba0:   000000000241a1f8 000000000021e5a0
0x000000000275ebb0:   000000000000001b 0000000000000000 

Instructions: (pc=0x000007fed9066ec1)
0x000007fed9066ea1:   00 8b 8c 24 c0 00 00 00 f6 c1 02 75 17 b8 00 00
0x000007fed9066eb1:   00 80 8b 94 24 c8 00 00 00 03 c2 83 f8 ff 77 04
0x000007fed9066ec1:   89 17 eb 13 83 c9 02 89 8c 24 c0 00 00 00 eb 07
0x000007fed9066ed1:   8b 8c 24 c0 00 00 00 48 8b 03 4c 63 48 04 4c 03 


Register to memory mapping:

RAX=0x0000000080000003 is pointing into metadata
RBX=0x000000000275ec90 is pointing into the stack for thread: 0x000000000241a000
RCX=0x0000000000000001 is an unknown value
RDX=0x0000000000000003 is an unknown value
RSP=0x000000000275eac0 is pointing into the stack for thread: 0x000000000241a000
RBP=0x000000000275ec70 is pointing into the stack for thread: 0x000000000241a000
RSI=0x0000000000224230 is an unknown value
RDI=0x0000000000000000 is an unknown value
R8 =0x0000000000000000 is an unknown value
R9 =0x000000000275ea30 is pointing into the stack for thread: 0x000000000241a000
R10=0x000000000000000f is an unknown value
R11=0x0000000000220001 is an unknown value
R12=0x0000000000000007 is an unknown value
R13=0x000007fed6e8c750 is an unknown value
R14=0x0000000000000000 is an unknown value
R15=0x000007fed6e8c758 is an unknown value


Stack: [0x0000000002660000,0x0000000002760000],  sp=0x000000000275eac0,  free space=1018k
Native frames: (J=compiled Java code, j=interpreted, Vv=VM code, C=native code)
C  [MSVCP120.dll+0x16ec1]
C  [kernelCpp.dll+0x34ea]  Java_com_bi_kernelImpl_main+0x51a
C  0x0000000002777f34

Java frames: (J=compiled Java code, j=interpreted, Vv=VM code)
j  com.bi.kernelImpl.main(Ljava/lang/String;)Ljava/lang/String;+0
j  com.bi.kernelImpl.main([Ljava/lang/String;)V+2
v  ~StubRoutines::call_stub
j  sun.reflect.NativeMethodAccessorImpl.invoke0(Ljava/lang/reflect/Method;Ljava/lang/Object;[Ljava/lang/Object;)Ljava/lang/Object;+0
j  sun.reflect.NativeMethodAccessorImpl.invoke(Ljava/lang/Object;[Ljava/lang/Object;)Ljava/lang/Object;+100
j  sun.reflect.DelegatingMethodAccessorImpl.invoke(Ljava/lang/Object;[Ljava/lang/Object;)Ljava/lang/Object;+6
j  java.lang.reflect.Method.invoke(Ljava/lang/Object;[Ljava/lang/Object;)Ljava/lang/Object;+56
j  com.intellij.rt.execution.application.AppMain.main([Ljava/lang/String;)V+170
v  ~StubRoutines::call_stub

---------------  P R O C E S S  ---------------

Java Threads: ( => current thread )
  0x0000000016724000 JavaThread "Monitor Ctrl-Break" daemon [_thread_in_native, id=9928, stack(0x00000000171b0000,0x00000000172b0000)]
  0x0000000016437800 JavaThread "Service Thread" daemon [_thread_blocked, id=4724, stack(0x0000000016d00000,0x0000000016e00000)]
  0x00000000163b7000 JavaThread "C1 CompilerThread2" daemon [_thread_blocked, id=5624, stack(0x0000000016bd0000,0x0000000016cd0000)]
  0x00000000163b5800 JavaThread "C2 CompilerThread1" daemon [_thread_blocked, id=3908, stack(0x0000000016a40000,0x0000000016b40000)]
  0x00000000163b0000 JavaThread "C2 CompilerThread0" daemon [_thread_blocked, id=6672, stack(0x0000000015df0000,0x0000000015ef0000)]
  0x000000001639a800 JavaThread "Attach Listener" daemon [_thread_blocked, id=6680, stack(0x00000000167a0000,0x00000000168a0000)]
  0x0000000014dd3000 JavaThread "Signal Dispatcher" daemon [_thread_blocked, id=9688, stack(0x00000000168d0000,0x00000000169d0000)]
  0x0000000014dbd000 JavaThread "Finalizer" daemon [_thread_blocked, id=3004, stack(0x0000000016290000,0x0000000016390000)]
  0x0000000014d76000 JavaThread "Reference Handler" daemon [_thread_blocked, id=6188, stack(0x00000000160e0000,0x00000000161e0000)]
=>0x000000000241a000 JavaThread "main" [_thread_in_native, id=7476, stack(0x0000000002660000,0x0000000002760000)]

Other Threads:
  0x0000000014d6e800 VMThread [stack: 0x0000000015f30000,0x0000000016030000] [id=4160]
  0x0000000016461800 WatcherThread [stack: 0x0000000016ed0000,0x0000000016fd0000] [id=6156]

VM state:not at safepoint (normal execution)

VM Mutex/Monitor currently owned by a thread: None

Heap:
 PSYoungGen      total 18944K, used 2622K [0x00000000eb180000, 0x00000000ec680000, 0x0000000100000000)
  eden space 16384K, 16% used [0x00000000eb180000,0x00000000eb40f9f8,0x00000000ec180000)
  from space 2560K, 0% used [0x00000000ec400000,0x00000000ec400000,0x00000000ec680000)
  to   space 2560K, 0% used [0x00000000ec180000,0x00000000ec180000,0x00000000ec400000)
 ParOldGen       total 44032K, used 0K [0x00000000c1400000, 0x00000000c3f00000, 0x00000000eb180000)
  object space 44032K, 0% used [0x00000000c1400000,0x00000000c1400000,0x00000000c3f00000)
 Metaspace       used 3188K, capacity 4494K, committed 4864K, reserved 1056768K
  class space    used 345K, capacity 386K, committed 512K, reserved 1048576K

Card table byte_map: [0x0000000011b20000,0x0000000011d20000] byte_map_base: 0x0000000011516000

Marking Bits: (ParMarkBitMap*) 0x00000000703ea6d0
 Begin Bits: [0x0000000012280000, 0x0000000013230000)
 End Bits:   [0x0000000013230000, 0x00000000141e0000)

Polling page: 0x0000000001b90000

CodeCache: size=245760Kb used=1231Kb max_used=1231Kb free=244528Kb
 bounds [0x0000000002760000, 0x00000000029d0000, 0x0000000011760000]
 total_blobs=345 nmethods=97 adapters=161
 compilation: enabled

Compilation events (10 events):
Event: 0.510 Thread 0x00000000163b7000   91       3       java.util.Arrays::copyOf (19 bytes)
Event: 0.511 Thread 0x00000000163b7000 nmethod 91 0x0000000002890fd0 code [0x0000000002891140, 0x0000000002891468]
Event: 0.511 Thread 0x00000000163b7000   90       1       java.net.URL::getHost (5 bytes)
Event: 0.511 Thread 0x00000000163b7000 nmethod 90 0x0000000002891590 code [0x00000000028916e0, 0x00000000028917f0]
Event: 0.514 Thread 0x00000000163b7000   93       3       java.util.concurrent.ConcurrentHashMap::tabAt (21 bytes)
Event: 0.514 Thread 0x00000000163b7000 nmethod 93 0x0000000002891c10 code [0x0000000002891d60, 0x0000000002891f90]
Event: 0.521 Thread 0x00000000163b7000   95       3       java.util.HashMap$Node::<init> (26 bytes)
Event: 0.521 Thread 0x00000000163b7000 nmethod 95 0x0000000002892410 code [0x0000000002892560, 0x0000000002892750]
Event: 0.524 Thread 0x00000000163b7000   96       3       java.io.File::isInvalid (47 bytes)
Event: 0.525 Thread 0x00000000163b7000 nmethod 96 0x0000000002892bd0 code [0x0000000002892d40, 0x0000000002893168]

GC Heap History (0 events):
No events

Deoptimization events (1 events):
Event: 0.490 Thread 0x000000000241a000 Uncommon trap: reason=unstable_if action=reinterpret pc=0x0000000002882414 method=java.lang.String.hashCode()I @ 14

Internal exceptions (2 events):
Event: 0.125 Thread 0x000000000241a000 Exception <a 'java/lang/NoSuchMethodError': Method sun.misc.Unsafe.defineClass(Ljava/lang/String;[BII)Ljava/lang/Class; name or signature does not match> (0x00000000eb187cc0) thrown at [C:\re\workspace\8-2-build-windows-amd64-cygwin\jdk8u101\7261\hotspot\se&Ö9ö¿?
Event: 0.125 Thread 0x000000000241a000 Exception <a 'java/lang/NoSuchMethodError': Method sun.misc.Unsafe.prefetchRead(Ljava/lang/Object;J)V name or signature does not match> (0x00000000eb187fa8) thrown at [C:\re\workspace\8-2-build-windows-amd64-cygwin\jdk8u101\7261\hotspot\src\share\vm\prims\

Events (10 events):
Event: 0.578 loading class sun/net/NetHooks
Event: 0.579 loading class sun/net/NetHooks done
Event: 0.579 loading class java/net/Inet6Address
Event: 0.579 loading class java/net/Inet6Address done
Event: 0.579 loading class java/net/Inet6Address$Inet6AddressHolder
Event: 0.579 loading class java/net/Inet6Address$Inet6AddressHolder done
Event: 0.580 loading class java/net/Socket
Event: 0.581 loading class java/net/Socket done
Event: 4.449 Executing VM operation: EnableBiasedLocking
Event: 4.449 Executing VM operation: EnableBiasedLocking done


Dynamic libraries:
0x000000013fc70000 - 0x000000013fca7000 	C:\Program Files\Java\jdk1.8.0_101\bin\java.exe
0x0000000077350000 - 0x00000000774fa000 	C:\Windows\SYSTEM32\ntdll.dll
0x0000000077230000 - 0x000000007734f000 	C:\Windows\system32\kernel32.dll
0x000007fefd1a0000 - 0x000007fefd20a000 	C:\Windows\system32\KERNELBASE.dll
0x000007feff400000 - 0x000007feff4db000 	C:\Windows\system32\ADVAPI32.dll
0x000007feff4e0000 - 0x000007feff57f000 	C:\Windows\system32\msvcrt.dll
0x000007fefe330000 - 0x000007fefe34f000 	C:\Windows\SYSTEM32\sechost.dll
0x000007fefd440000 - 0x000007fefd56d000 	C:\Windows\system32\RPCRT4.dll
0x0000000076ff0000 - 0x00000000770ea000 	C:\Windows\system32\USER32.dll
0x000007fefdd50000 - 0x000007fefddb7000 	C:\Windows\system32\GDI32.dll
0x000007feff1d0000 - 0x000007feff1de000 	C:\Windows\system32\LPK.dll
0x000007fefd370000 - 0x000007fefd43a000 	C:\Windows\system32\USP10.dll
0x000007fefb460000 - 0x000007fefb654000 	C:\Windows\WinSxS\amd64_microsoft.windows.common-controls_6595b64144ccf1df_6.0.7601.18837_none_fa3b1e3d17594757\COMCTL32.dll
0x000007fefdc80000 - 0x000007fefdcf1000 	C:\Windows\system32\SHLWAPI.dll
0x000007fefd720000 - 0x000007fefd74e000 	C:\Windows\system32\IMM32.DLL
0x000007fefd610000 - 0x000007fefd719000 	C:\Windows\system32\MSCTF.dll
0x0000000078840000 - 0x0000000078912000 	C:\Program Files\Java\jdk1.8.0_101\jre\bin\msvcr100.dll
0x000000006fbd0000 - 0x000000007046a000 	C:\Program Files\Java\jdk1.8.0_101\jre\bin\server\jvm.dll
0x000007fef7760000 - 0x000007fef7769000 	C:\Windows\system32\WSOCK32.dll
0x000007fefdd00000 - 0x000007fefdd4d000 	C:\Windows\system32\WS2_32.dll
0x000007feff1c0000 - 0x000007feff1c8000 	C:\Windows\system32\NSI.dll
0x000007fefd230000 - 0x000007fefd26b000 	C:\Windows\system32\WINMM.dll
0x000007fefbeb0000 - 0x000007fefbebc000 	C:\Windows\system32\VERSION.dll
0x0000000077520000 - 0x0000000077527000 	C:\Windows\system32\PSAPI.DLL
0x00000000515d0000 - 0x00000000515df000 	C:\Program Files\Java\jdk1.8.0_101\jre\bin\verify.dll
0x0000000077f70000 - 0x0000000077f99000 	C:\Program Files\Java\jdk1.8.0_101\jre\bin\java.dll
0x0000000077f50000 - 0x0000000077f66000 	C:\Program Files\Java\jdk1.8.0_101\jre\bin\zip.dll
0x000007fefe430000 - 0x000007feff1b9000 	C:\Windows\system32\SHELL32.dll
0x000007fefe130000 - 0x000007fefe32c000 	C:\Windows\system32\ole32.dll
0x000007fefce10000 - 0x000007fefce1f000 	C:\Windows\system32\profapi.dll
0x000007fedce10000 - 0x000007fedce20000 	C:\Program Files (x86)\JetBrains\IntelliJ IDEA 2016.2.4\bin\breakgen64.dll
0x000007fed6e80000 - 0x000007fed77d0000 	E:\´óÈýÏÂ\BI\kernelCpp.dll
0x000007fedcd20000 - 0x000007fedce0f000 	C:\Windows\system32\MSVCR120.dll
0x000007fed9050000 - 0x000007fed90f6000 	C:\Windows\system32\MSVCP120.dll
0x0000000077f30000 - 0x0000000077f4a000 	C:\Program Files\Java\jdk1.8.0_101\jre\bin\net.dll
0x000007fefc5c0000 - 0x000007fefc615000 	C:\Windows\system32\mswsock.dll
0x000007fefc5b0000 - 0x000007fefc5b7000 	C:\Windows\System32\wship6.dll
0x000007fee2380000 - 0x000007fee24a5000 	C:\Windows\system32\dbghelp.dll

VM Arguments:
jvm_args: -Didea.launcher.port=7533 -Didea.launcher.bin.path=C:\Program Files (x86)\JetBrains\IntelliJ IDEA 2016.2.4\bin -Dfile.encoding=UTF-8 
java_command: com.intellij.rt.execution.application.AppMain com.bi.kernelImpl
java_class_path (initial): C:\Program Files\Java\jdk1.8.0_101\jre\lib\charsets.jar;C:\Program Files\Java\jdk1.8.0_101\jre\lib\deploy.jar;C:\Program Files\Java\jdk1.8.0_101\jre\lib\ext\access-bridge-64.jar;C:\Program Files\Java\jdk1.8.0_101\jre\lib\ext\cldrdata.jar;C:\Program Files\Java\jdk1.8.0_101\jre\lib\ext\dnsns.jar;C:\Program Files\Java\jdk1.8.0_101\jre\lib\ext\jaccess.jar;C:\Program Files\Java\jdk1.8.0_101\jre\lib\ext\jfxrt.jar;C:\Program Files\Java\jdk1.8.0_101\jre\lib\ext\localedata.jar;C:\Program Files\Java\jdk1.8.0_101\jre\lib\ext\nashorn.jar;C:\Program Files\Java\jdk1.8.0_101\jre\lib\ext\sunec.jar;C:\Program Files\Java\jdk1.8.0_101\jre\lib\ext\sunjce_provider.jar;C:\Program Files\Java\jdk1.8.0_101\jre\lib\ext\sunmscapi.jar;C:\Program Files\Java\jdk1.8.0_101\jre\lib\ext\sunpkcs11.jar;C:\Program Files\Java\jdk1.8.0_101\jre\lib\ext\zipfs.jar;C:\Program Files\Java\jdk1.8.0_101\jre\lib\javaws.jar;C:\Program Files\Java\jdk1.8.0_101\jre\lib\jce.jar;C:\Program Files\Java\jdk1.8.0_101\jre\lib\jfr.jar;C:\Program Files\Java\jdk1.8.0_101\jre\lib\jfxswt.jar;C:\Program Files\Java\jdk1.8.0_101\jre\lib\jsse.jar;C:\Program Files\Java\jdk1.8.0_101\jre\lib\management-agent.jar;C:\Program Files\Java\jdk1.8.0_101\jre\lib\plugin.jar;C:\Program Files\Java\jdk1.8.0_101\jre\lib\resources.jar;C:\Program Files\Java\jdk1.8.0_101\jre\lib\rt.jar;E:\´óÈýÏÂ\BI\build\classes\main;E:\´óÈýÏÂ\BI\build\resources\main;C:\Users\Administrator\.gradle\caches\modules-2\files-2.1\org.springframework.boot\spring-boot-starter-aop\1.5.1.RELEASE\c03e2abaa0dc45a64f2a71dd0e6db940ef326dd5\spring-boot-starter-aop-1.5.1.RELEASE.jar;C:\Users\Administrator\.gradle\caches\modules-2\files-2.1\org.springframework.boot\spring-boot-starter-web\1.5.1.RELEASE\8404c45cb53a05edcd0ad8fc57a5fe43462263d8\spring-boot-starter-web-1.5.1.RELEASE.jar;C:\Users\Administrator\.gradle\caches\modules-2\files-2.1\org.springframework.boot\spring-boot-devtools\1.5.1.RELEASE\c87f0c00abef3bb02b40df8ae7604e2b010f9bd4\spring-boot-devt
Launcher Type: SUN_STANDARD

Environment Variables:
JAVA_HOME=C:\Program Files\Java\jdk1.8.0_101
CLASSPATH=.;C:\Program Files\Java\jdk1.8.0_101\lib\dt.jar;C:\Program Files\Java\jdk1.8.0_101\lib\tools.jar;C:\Program Files\apache-tomcat-9.0.0.M18-windows-x64\apache-tomcat-9.0.0.M18\lib\servlet-api.jar
PATH=D:\app\Administrator\product\12.1.0\dbhome_1\bin;C:\ProgramData\Oracle\Java\javapath;C:\Windows\system32;C:\Windows;C:\Windows\System32\Wbem;C:\Windows\System32\WindowsPowerShell\v1.0\;C:\Windows\Microsoft.NET\Framework\v3.5;C:\Program Files (x86)\Windows Kits\8.1\Windows Performance Toolkit\;C:\Program Files\Microsoft SQL Server\110\Tools\Binn\;C:\Program Files\Java\jdk1.8.0_101\bin;C:\Program Files\Java\jdk1.8.0_101\jre\bin;C:\Program Files\gradle-2.4/bin;C:\Program Files\Git\cmd;C:\Program Files\apache-tomcat-9.0.0.M18-windows-x64\apache-tomcat-9.0.0.M18\bin;C:\Program Files\nodejs\;C:\Program Files\MySQL\MySQL Workbench 6.3 CE;c:\Program Files (x86)\Microsoft SQL Server\110\Tools\Binn\ManagementStudio\;c:\Program Files (x86)\Microsoft SQL Server\110\Tools\Binn\;c:\Program Files (x86)\Microsoft SQL Server\110\DTS\Binn\;c:\Program Files\Microsoft SQL Server\110\DTS\Binn\;C:\Users\Administrator\AppData\Roaming\npm
USERNAME=Administrator
OS=Windows_NT
PROCESSOR_IDENTIFIER=Intel64 Family 6 Model 69 Stepping 1, GenuineIntel



---------------  S Y S T E M  ---------------

OS: Windows 7 , 64 bit Build 7601 (6.1.7601.23796)

CPU:total 4 (2 cores per cpu, 2 threads per core) family 6 model 69 stepping 1, cmov, cx8, fxsr, mmx, sse, sse2, sse3, ssse3, sse4.1, sse4.2, popcnt, avx, avx2, aes, clmul, erms, lzcnt, ht, tsc, tscinvbit, bmi1, bmi2

Memory: 4k page, physical 4108656k(230000k free), swap 8215452k(1152464k free)

vm_info: Java HotSpot(TM) 64-Bit Server VM (25.101-b13) for windows-amd64 JRE (1.8.0_101-b13), built on Jun 22 2016 01:21:29 by "java_re" with MS VC++ 10.0 (VS2010)

time: Sun Jun 11 11:49:10 2017
elapsed time: 11 seconds (0d 0h 0m 11s)

